2025-10-16T14:28:08.095+05:30  INFO 8972 --- [EurekaService] [main] c.eureka.demo.EurekaServiceApplication   : Starting EurekaServiceApplication using Java 17.0.12 with PID 8972 (D:\Learning_App\Services\EurekaService\target\classes started by Welcome in D:\Learning_App)
2025-10-16T14:28:08.098+05:30  INFO 8972 --- [EurekaService] [main] c.eureka.demo.EurekaServiceApplication   : No active profile set, falling back to 1 default profile: "default"
2025-10-16T14:28:09.542+05:30  INFO 8972 --- [EurekaService] [main] o.s.cloud.context.scope.GenericScope     : BeanFactory id=d2763daf-ed4b-3418-a6cf-c9e0bb51951d
2025-10-16T14:28:09.902+05:30  INFO 8972 --- [EurekaService] [main] o.s.b.w.embedded.tomcat.TomcatWebServer  : Tomcat initialized with port 8761 (http)
2025-10-16T14:28:09.914+05:30  INFO 8972 --- [EurekaService] [main] o.apache.catalina.core.StandardService   : Starting service [Tomcat]
2025-10-16T14:28:09.915+05:30  INFO 8972 --- [EurekaService] [main] o.apache.catalina.core.StandardEngine    : Starting Servlet engine: [Apache Tomcat/10.1.46]
2025-10-16T14:28:09.993+05:30  INFO 8972 --- [EurekaService] [main] o.a.c.c.C.[Tomcat].[localhost].[/]       : Initializing Spring embedded WebApplicationContext
2025-10-16T14:28:09.994+05:30  INFO 8972 --- [EurekaService] [main] w.s.c.ServletWebServerApplicationContext : Root WebApplicationContext: initialization completed in 1763 ms
2025-10-16T14:28:11.179+05:30  INFO 8972 --- [EurekaService] [main] c.n.d.provider.DiscoveryJerseyProvider   : Using JSON encoding codec LegacyJacksonJson
2025-10-16T14:28:11.180+05:30  INFO 8972 --- [EurekaService] [main] c.n.d.provider.DiscoveryJerseyProvider   : Using JSON decoding codec LegacyJacksonJson
2025-10-16T14:28:11.481+05:30  INFO 8972 --- [EurekaService] [main] c.n.d.provider.DiscoveryJerseyProvider   : Using XML encoding codec XStreamXml
2025-10-16T14:28:11.481+05:30  INFO 8972 --- [EurekaService] [main] c.n.d.provider.DiscoveryJerseyProvider   : Using XML decoding codec XStreamXml
2025-10-16T14:28:11.731+05:30  INFO 8972 --- [EurekaService] [main] o.s.v.b.OptionalValidatorFactoryBean     : Failed to set up a Bean Validation provider: jakarta.validation.NoProviderFoundException: Unable to create a Configuration, because no Jakarta Bean Validation provider could be found. Add a provider like Hibernate Validator (RI) to your classpath.
2025-10-16T14:28:12.915+05:30  WARN 8972 --- [EurekaService] [main] iguration$LoadBalancerCaffeineWarnLogger : Spring Cloud LoadBalancer is currently working with the default cache. While this cache implementation is useful for development and tests, it's recommended to use Caffeine cache in production.You can switch to using Caffeine cache, by adding it and org.springframework.cache.caffeine.CaffeineCacheManager to the classpath.
2025-10-16T14:28:12.947+05:30  INFO 8972 --- [EurekaService] [main] o.s.c.n.eureka.InstanceInfoFactory       : Setting initial instance status as: STARTING
2025-10-16T14:28:12.979+05:30  INFO 8972 --- [EurekaService] [main] com.netflix.discovery.DiscoveryClient    : Initializing Eureka in region us-east-1
2025-10-16T14:28:12.979+05:30  INFO 8972 --- [EurekaService] [main] com.netflix.discovery.DiscoveryClient    : Client configured to neither register nor query for data.
2025-10-16T14:28:12.984+05:30  INFO 8972 --- [EurekaService] [main] com.netflix.discovery.DiscoveryClient    : Discovery Client initialized at timestamp 1760605092981 with initial instances count: 0
2025-10-16T14:28:13.040+05:30  INFO 8972 --- [EurekaService] [main] c.n.eureka.DefaultEurekaServerContext    : Initializing ...
2025-10-16T14:28:13.042+05:30  INFO 8972 --- [EurekaService] [main] c.n.eureka.cluster.PeerEurekaNodes       : Adding new peer nodes [http://localhost:8761/eureka/]
2025-10-16T14:28:13.204+05:30  INFO 8972 --- [EurekaService] [main] c.n.d.provider.DiscoveryJerseyProvider   : Using JSON encoding codec LegacyJacksonJson
2025-10-16T14:28:13.204+05:30  INFO 8972 --- [EurekaService] [main] c.n.d.provider.DiscoveryJerseyProvider   : Using JSON decoding codec LegacyJacksonJson
2025-10-16T14:28:13.204+05:30  INFO 8972 --- [EurekaService] [main] c.n.d.provider.DiscoveryJerseyProvider   : Using XML encoding codec XStreamXml
2025-10-16T14:28:13.204+05:30  INFO 8972 --- [EurekaService] [main] c.n.d.provider.DiscoveryJerseyProvider   : Using XML decoding codec XStreamXml
2025-10-16T14:28:13.245+05:30  INFO 8972 --- [EurekaService] [main] c.n.eureka.cluster.PeerEurekaNodes       : Replica node URL:  http://localhost:8761/eureka/
2025-10-16T14:28:13.258+05:30  INFO 8972 --- [EurekaService] [main] c.n.e.registry.AbstractInstanceRegistry  : Finished initializing remote region registries. All known remote regions: []
2025-10-16T14:28:13.258+05:30  INFO 8972 --- [EurekaService] [main] c.n.eureka.DefaultEurekaServerContext    : Initialized
2025-10-16T14:28:13.267+05:30  INFO 8972 --- [EurekaService] [main] o.s.b.a.e.web.EndpointLinksResolver      : Exposing 1 endpoint beneath base path '/actuator'
2025-10-16T14:28:13.324+05:30  INFO 8972 --- [EurekaService] [main] o.s.c.n.e.s.EurekaServiceRegistry        : Registering application EUREKASERVICE with eureka with status UP
2025-10-16T14:28:13.344+05:30  INFO 8972 --- [EurekaService] [Thread-9] o.s.c.n.e.server.EurekaServerBootstrap   : isAws returned false
2025-10-16T14:28:13.345+05:30  INFO 8972 --- [EurekaService] [Thread-9] o.s.c.n.e.server.EurekaServerBootstrap   : Initialized server context
2025-10-16T14:28:13.346+05:30  INFO 8972 --- [EurekaService] [Thread-9] c.n.e.r.PeerAwareInstanceRegistryImpl    : Got 1 instances from neighboring DS node
2025-10-16T14:28:13.346+05:30  INFO 8972 --- [EurekaService] [Thread-9] c.n.e.r.PeerAwareInstanceRegistryImpl    : Renew threshold is: 1
2025-10-16T14:28:13.346+05:30  INFO 8972 --- [EurekaService] [Thread-9] c.n.e.r.PeerAwareInstanceRegistryImpl    : Changing status to UP
2025-10-16T14:28:13.349+05:30  INFO 8972 --- [EurekaService] [Thread-9] e.s.EurekaServerInitializerConfiguration : Started Eureka Server
2025-10-16T14:28:13.361+05:30  INFO 8972 --- [EurekaService] [main] o.s.b.w.embedded.tomcat.TomcatWebServer  : Tomcat started on port 8761 (http) with context path '/'
2025-10-16T14:28:13.362+05:30  INFO 8972 --- [EurekaService] [main] .s.c.n.e.s.EurekaAutoServiceRegistration : Updating port to 8761
2025-10-16T14:28:13.519+05:30  INFO 8972 --- [EurekaService] [main] c.eureka.demo.EurekaServiceApplication   : Started EurekaServiceApplication in 6.566 seconds (process running for 7.655)
2025-10-16T14:28:39.742+05:30  INFO 8972 --- [EurekaService] [SpringApplicationShutdownHook] o.s.c.n.e.s.EurekaServiceRegistry        : Unregistering application EUREKASERVICE with eureka with status DOWN
2025-10-16T14:28:39.746+05:30  INFO 8972 --- [EurekaService] [SpringApplicationShutdownHook] o.s.b.w.e.tomcat.GracefulShutdown        : Commencing graceful shutdown. Waiting for active requests to complete
2025-10-16T14:28:39.934+05:30  INFO 8972 --- [EurekaService] [tomcat-shutdown] o.s.b.w.e.tomcat.GracefulShutdown        : Graceful shutdown complete
2025-10-16T14:28:39.937+05:30  INFO 8972 --- [EurekaService] [SpringApplicationShutdownHook] o.s.c.n.e.server.EurekaServerBootstrap   : Shutting down Eureka Server..
2025-10-16T14:28:39.937+05:30  INFO 8972 --- [EurekaService] [SpringApplicationShutdownHook] c.n.eureka.DefaultEurekaServerContext    : Shutting down ...
2025-10-16T14:28:39.938+05:30  INFO 8972 --- [EurekaService] [SpringApplicationShutdownHook] c.n.eureka.DefaultEurekaServerContext    : Shut down
2025-10-16T14:28:39.938+05:30  INFO 8972 --- [EurekaService] [SpringApplicationShutdownHook] o.s.c.n.e.server.EurekaServerBootstrap   : Eureka Service is now shutdown...
2025-10-16T14:28:39.939+05:30  INFO 8972 --- [EurekaService] [SpringApplicationShutdownHook] c.n.eureka.DefaultEurekaServerContext    : Shutting down ...
2025-10-16T14:28:39.940+05:30  INFO 8972 --- [EurekaService] [SpringApplicationShutdownHook] c.n.eureka.DefaultEurekaServerContext    : Shut down
2025-10-16T14:28:39.938+05:30 ERROR 8972 --- [EurekaService] [Eureka-Jersey3Client-Conn-Cleaner2] c.n.d.s.t.j.EurekaJersey3ClientImpl      : Cannot clean connections

java.lang.IllegalStateException: Client instance has been closed.
	at org.glassfish.jersey.internal.guava.Preconditions.checkState(Preconditions.java:169) ~[jersey-common-3.1.11.jar:na]
	at org.glassfish.jersey.client.JerseyClient.checkNotClosed(JerseyClient.java:248) ~[jersey-client-3.1.11.jar:na]
	at org.glassfish.jersey.client.JerseyClient.getConfiguration(JerseyClient.java:363) ~[jersey-client-3.1.11.jar:na]
	at org.glassfish.jersey.client.JerseyClient.getConfiguration(JerseyClient.java:54) ~[jersey-client-3.1.11.jar:na]
	at com.netflix.discovery.shared.transport.jersey3.EurekaJersey3ClientImpl$ConnectionCleanerTask.run(EurekaJersey3ClientImpl.java:338) ~[eureka-client-jersey3-2.0.4.jar:2.0.4]
	at java.base/java.util.concurrent.Executors$RunnableAdapter.call(Executors.java:539) ~[na:na]
	at java.base/java.util.concurrent.FutureTask.run(FutureTask.java:264) ~[na:na]
	at java.base/java.util.concurrent.ScheduledThreadPoolExecutor$ScheduledFutureTask.run(ScheduledThreadPoolExecutor.java:304) ~[na:na]
	at java.base/java.util.concurrent.ThreadPoolExecutor.runWorker(ThreadPoolExecutor.java:1136) ~[na:na]
	at java.base/java.util.concurrent.ThreadPoolExecutor$Worker.run(ThreadPoolExecutor.java:635) ~[na:na]
	at java.base/java.lang.Thread.run(Thread.java:842) ~[na:na]

2025-10-16T14:28:39.954+05:30  INFO 8972 --- [EurekaService] [SpringApplicationShutdownHook] com.netflix.discovery.DiscoveryClient    : Shutting down DiscoveryClient ...
2025-10-16T14:28:39.954+05:30  INFO 8972 --- [EurekaService] [SpringApplicationShutdownHook] com.netflix.discovery.DiscoveryClient    : Completed shut down of DiscoveryClient
2025-10-16T14:41:53.055+05:30  INFO 17032 --- [EurekaService] [main] c.eureka.demo.EurekaServiceApplication   : Starting EurekaServiceApplication using Java 17.0.12 with PID 17032 (D:\Learning_App\Services\EurekaService\target\classes started by Welcome in D:\Learning_App)
2025-10-16T14:41:53.058+05:30  INFO 17032 --- [EurekaService] [main] c.eureka.demo.EurekaServiceApplication   : No active profile set, falling back to 1 default profile: "default"
2025-10-16T14:41:54.448+05:30  INFO 17032 --- [EurekaService] [main] o.s.cloud.context.scope.GenericScope     : BeanFactory id=d2763daf-ed4b-3418-a6cf-c9e0bb51951d
2025-10-16T14:41:54.887+05:30  INFO 17032 --- [EurekaService] [main] o.s.b.w.embedded.tomcat.TomcatWebServer  : Tomcat initialized with port 8761 (http)
2025-10-16T14:41:54.902+05:30  INFO 17032 --- [EurekaService] [main] o.apache.catalina.core.StandardService   : Starting service [Tomcat]
2025-10-16T14:41:54.902+05:30  INFO 17032 --- [EurekaService] [main] o.apache.catalina.core.StandardEngine    : Starting Servlet engine: [Apache Tomcat/10.1.46]
2025-10-16T14:41:54.983+05:30  INFO 17032 --- [EurekaService] [main] o.a.c.c.C.[Tomcat].[localhost].[/]       : Initializing Spring embedded WebApplicationContext
2025-10-16T14:41:54.984+05:30  INFO 17032 --- [EurekaService] [main] w.s.c.ServletWebServerApplicationContext : Root WebApplicationContext: initialization completed in 1849 ms
2025-10-16T14:41:56.197+05:30  INFO 17032 --- [EurekaService] [main] c.n.d.provider.DiscoveryJerseyProvider   : Using JSON encoding codec LegacyJacksonJson
2025-10-16T14:41:56.201+05:30  INFO 17032 --- [EurekaService] [main] c.n.d.provider.DiscoveryJerseyProvider   : Using JSON decoding codec LegacyJacksonJson
2025-10-16T14:41:56.545+05:30  INFO 17032 --- [EurekaService] [main] c.n.d.provider.DiscoveryJerseyProvider   : Using XML encoding codec XStreamXml
2025-10-16T14:41:56.546+05:30  INFO 17032 --- [EurekaService] [main] c.n.d.provider.DiscoveryJerseyProvider   : Using XML decoding codec XStreamXml
2025-10-16T14:41:56.744+05:30  INFO 17032 --- [EurekaService] [main] o.s.v.b.OptionalValidatorFactoryBean     : Failed to set up a Bean Validation provider: jakarta.validation.NoProviderFoundException: Unable to create a Configuration, because no Jakarta Bean Validation provider could be found. Add a provider like Hibernate Validator (RI) to your classpath.
2025-10-16T14:41:57.938+05:30  WARN 17032 --- [EurekaService] [main] iguration$LoadBalancerCaffeineWarnLogger : Spring Cloud LoadBalancer is currently working with the default cache. While this cache implementation is useful for development and tests, it's recommended to use Caffeine cache in production.You can switch to using Caffeine cache, by adding it and org.springframework.cache.caffeine.CaffeineCacheManager to the classpath.
2025-10-16T14:41:57.960+05:30  INFO 17032 --- [EurekaService] [main] o.s.c.n.eureka.InstanceInfoFactory       : Setting initial instance status as: STARTING
2025-10-16T14:41:57.990+05:30  INFO 17032 --- [EurekaService] [main] com.netflix.discovery.DiscoveryClient    : Initializing Eureka in region us-east-1
2025-10-16T14:41:57.991+05:30  INFO 17032 --- [EurekaService] [main] com.netflix.discovery.DiscoveryClient    : Client configured to neither register nor query for data.
2025-10-16T14:41:57.995+05:30  INFO 17032 --- [EurekaService] [main] com.netflix.discovery.DiscoveryClient    : Discovery Client initialized at timestamp 1760605917993 with initial instances count: 0
2025-10-16T14:41:58.048+05:30  INFO 17032 --- [EurekaService] [main] c.n.eureka.DefaultEurekaServerContext    : Initializing ...
2025-10-16T14:41:58.049+05:30  INFO 17032 --- [EurekaService] [main] c.n.eureka.cluster.PeerEurekaNodes       : Adding new peer nodes [http://localhost:8761/eureka/]
2025-10-16T14:41:58.209+05:30  INFO 17032 --- [EurekaService] [main] c.n.d.provider.DiscoveryJerseyProvider   : Using JSON encoding codec LegacyJacksonJson
2025-10-16T14:41:58.210+05:30  INFO 17032 --- [EurekaService] [main] c.n.d.provider.DiscoveryJerseyProvider   : Using JSON decoding codec LegacyJacksonJson
2025-10-16T14:41:58.210+05:30  INFO 17032 --- [EurekaService] [main] c.n.d.provider.DiscoveryJerseyProvider   : Using XML encoding codec XStreamXml
2025-10-16T14:41:58.210+05:30  INFO 17032 --- [EurekaService] [main] c.n.d.provider.DiscoveryJerseyProvider   : Using XML decoding codec XStreamXml
2025-10-16T14:41:58.265+05:30  INFO 17032 --- [EurekaService] [main] c.n.eureka.cluster.PeerEurekaNodes       : Replica node URL:  http://localhost:8761/eureka/
2025-10-16T14:41:58.276+05:30  INFO 17032 --- [EurekaService] [main] c.n.e.registry.AbstractInstanceRegistry  : Finished initializing remote region registries. All known remote regions: []
2025-10-16T14:41:58.277+05:30  INFO 17032 --- [EurekaService] [main] c.n.eureka.DefaultEurekaServerContext    : Initialized
2025-10-16T14:41:58.288+05:30  INFO 17032 --- [EurekaService] [main] o.s.b.a.e.web.EndpointLinksResolver      : Exposing 1 endpoint beneath base path '/actuator'
2025-10-16T14:41:58.349+05:30  INFO 17032 --- [EurekaService] [main] o.s.c.n.e.s.EurekaServiceRegistry        : Registering application EUREKASERVICE with eureka with status UP
2025-10-16T14:41:58.362+05:30  INFO 17032 --- [EurekaService] [Thread-9] o.s.c.n.e.server.EurekaServerBootstrap   : isAws returned false
2025-10-16T14:41:58.364+05:30  INFO 17032 --- [EurekaService] [Thread-9] o.s.c.n.e.server.EurekaServerBootstrap   : Initialized server context
2025-10-16T14:41:58.364+05:30  INFO 17032 --- [EurekaService] [Thread-9] c.n.e.r.PeerAwareInstanceRegistryImpl    : Got 1 instances from neighboring DS node
2025-10-16T14:41:58.364+05:30  INFO 17032 --- [EurekaService] [Thread-9] c.n.e.r.PeerAwareInstanceRegistryImpl    : Renew threshold is: 1
2025-10-16T14:41:58.364+05:30  INFO 17032 --- [EurekaService] [Thread-9] c.n.e.r.PeerAwareInstanceRegistryImpl    : Changing status to UP
2025-10-16T14:41:58.367+05:30  INFO 17032 --- [EurekaService] [Thread-9] e.s.EurekaServerInitializerConfiguration : Started Eureka Server
2025-10-16T14:41:58.378+05:30  INFO 17032 --- [EurekaService] [main] o.s.b.w.embedded.tomcat.TomcatWebServer  : Tomcat started on port 8761 (http) with context path '/'
2025-10-16T14:41:58.380+05:30  INFO 17032 --- [EurekaService] [main] .s.c.n.e.s.EurekaAutoServiceRegistration : Updating port to 8761
2025-10-16T14:41:58.598+05:30  INFO 17032 --- [EurekaService] [main] c.eureka.demo.EurekaServiceApplication   : Started EurekaServiceApplication in 6.333 seconds (process running for 7.14)
2025-10-16T14:42:58.366+05:30  INFO 17032 --- [EurekaService] [Eureka-EvictionTimer] c.n.e.registry.AbstractInstanceRegistry  : Running the evict task with compensationTime 0ms
2025-10-16T14:43:58.373+05:30  INFO 17032 --- [EurekaService] [Eureka-EvictionTimer] c.n.e.registry.AbstractInstanceRegistry  : Running the evict task with compensationTime 7ms
2025-10-16T14:44:58.374+05:30  INFO 17032 --- [EurekaService] [Eureka-EvictionTimer] c.n.e.registry.AbstractInstanceRegistry  : Running the evict task with compensationTime 1ms
2025-10-16T14:45:58.375+05:30  INFO 17032 --- [EurekaService] [Eureka-EvictionTimer] c.n.e.registry.AbstractInstanceRegistry  : Running the evict task with compensationTime 0ms
2025-10-16T14:46:23.850+05:30  INFO 17032 --- [EurekaService] [http-nio-8761-exec-1] o.a.c.c.C.[Tomcat].[localhost].[/]       : Initializing Spring DispatcherServlet 'dispatcherServlet'
2025-10-16T14:46:23.851+05:30  INFO 17032 --- [EurekaService] [http-nio-8761-exec-1] o.s.web.servlet.DispatcherServlet        : Initializing Servlet 'dispatcherServlet'
2025-10-16T14:46:23.852+05:30  INFO 17032 --- [EurekaService] [http-nio-8761-exec-1] o.s.web.servlet.DispatcherServlet        : Completed initialization in 1 ms
2025-10-16T14:46:24.114+05:30  INFO 17032 --- [EurekaService] [http-nio-8761-exec-3] c.n.e.registry.AbstractInstanceRegistry  : Registered instance USER-SERVICE/Pawan-kumar:user-service:9001 with status UP (replication=false)
2025-10-16T14:46:24.794+05:30  INFO 17032 --- [EurekaService] [http-nio-8761-exec-2] c.n.e.registry.AbstractInstanceRegistry  : Registered instance USER-SERVICE/Pawan-kumar:user-service:9001 with status UP (replication=true)
2025-10-16T14:46:56.567+05:30  INFO 17032 --- [EurekaService] [http-nio-8761-exec-9] c.n.e.registry.AbstractInstanceRegistry  : Registered instance USER-SERVICE/Pawan-kumar:user-service:9001 with status DOWN (replication=false)
2025-10-16T14:46:57.082+05:30  INFO 17032 --- [EurekaService] [http-nio-8761-exec-1] c.n.e.registry.AbstractInstanceRegistry  : Registered instance USER-SERVICE/Pawan-kumar:user-service:9001 with status DOWN (replication=true)
2025-10-16T14:46:58.376+05:30  INFO 17032 --- [EurekaService] [Eureka-EvictionTimer] c.n.e.registry.AbstractInstanceRegistry  : Running the evict task with compensationTime 0ms
2025-10-16T14:46:59.758+05:30  INFO 17032 --- [EurekaService] [http-nio-8761-exec-3] c.n.e.registry.AbstractInstanceRegistry  : Cancelled instance USER-SERVICE/Pawan-kumar:user-service:9001 (replication=false)
2025-10-16T14:47:00.161+05:30  INFO 17032 --- [EurekaService] [SpringApplicationShutdownHook] o.s.c.n.e.s.EurekaServiceRegistry        : Unregistering application EUREKASERVICE with eureka with status DOWN
2025-10-16T14:47:00.164+05:30  INFO 17032 --- [EurekaService] [SpringApplicationShutdownHook] o.s.b.w.e.tomcat.GracefulShutdown        : Commencing graceful shutdown. Waiting for active requests to complete
2025-10-16T14:47:00.289+05:30 ERROR 17032 --- [EurekaService] [TaskBatchingWorker-target_localhost-0] c.n.e.cluster.ReplicationTaskProcessor   : Network level connection to peer localhost; retrying after delay

jakarta.ws.rs.ProcessingException: org.apache.http.NoHttpResponseException: localhost:8761 failed to respond
	at org.glassfish.jersey.apache.connector.ApacheConnector.apply(ApacheConnector.java:534) ~[jersey-apache-connector-3.1.11.jar:na]
	at org.glassfish.jersey.client.ClientRuntime.invoke(ClientRuntime.java:300) ~[jersey-client-3.1.11.jar:na]
	at org.glassfish.jersey.client.JerseyInvocation.lambda$invoke$0(JerseyInvocation.java:674) ~[jersey-client-3.1.11.jar:na]
	at org.glassfish.jersey.client.JerseyInvocation.call(JerseyInvocation.java:709) ~[jersey-client-3.1.11.jar:na]
	at org.glassfish.jersey.client.JerseyInvocation.lambda$runInScope$3(JerseyInvocation.java:703) ~[jersey-client-3.1.11.jar:na]
	at org.glassfish.jersey.internal.Errors.process(Errors.java:292) ~[jersey-common-3.1.11.jar:na]
	at org.glassfish.jersey.internal.Errors.process(Errors.java:274) ~[jersey-common-3.1.11.jar:na]
	at org.glassfish.jersey.internal.Errors.process(Errors.java:205) ~[jersey-common-3.1.11.jar:na]
	at org.glassfish.jersey.process.internal.RequestScope.runInScope(RequestScope.java:391) ~[jersey-common-3.1.11.jar:na]
	at org.glassfish.jersey.client.JerseyInvocation.runInScope(JerseyInvocation.java:703) ~[jersey-client-3.1.11.jar:na]
	at org.glassfish.jersey.client.JerseyInvocation.invoke(JerseyInvocation.java:673) ~[jersey-client-3.1.11.jar:na]
	at org.glassfish.jersey.client.JerseyInvocation$Builder.method(JerseyInvocation.java:439) ~[jersey-client-3.1.11.jar:na]
	at org.glassfish.jersey.client.JerseyInvocation$Builder.post(JerseyInvocation.java:345) ~[jersey-client-3.1.11.jar:na]
	at com.netflix.eureka.transport.Jersey3ReplicationClient.submitBatchUpdates(Jersey3ReplicationClient.java:116) ~[eureka-core-jersey3-2.0.4.jar:2.0.4]
	at com.netflix.eureka.cluster.ReplicationTaskProcessor.process(ReplicationTaskProcessor.java:80) ~[eureka-core-2.0.4.jar:2.0.4]
	at com.netflix.eureka.util.batcher.TaskExecutors$BatchWorkerRunnable.run(TaskExecutors.java:178) ~[eureka-core-2.0.4.jar:2.0.4]
	at java.base/java.lang.Thread.run(Thread.java:842) ~[na:na]
Caused by: org.apache.http.NoHttpResponseException: localhost:8761 failed to respond
	at org.apache.http.impl.conn.DefaultHttpResponseParser.parseHead(DefaultHttpResponseParser.java:141) ~[httpclient-4.5.3.jar:4.5.3]
	at org.apache.http.impl.conn.DefaultHttpResponseParser.parseHead(DefaultHttpResponseParser.java:56) ~[httpclient-4.5.3.jar:4.5.3]
	at org.apache.http.impl.io.AbstractMessageParser.parse(AbstractMessageParser.java:259) ~[httpcore-4.4.16.jar:4.4.16]
	at org.apache.http.impl.DefaultBHttpClientConnection.receiveResponseHeader(DefaultBHttpClientConnection.java:163) ~[httpcore-4.4.16.jar:4.4.16]
	at org.apache.http.impl.conn.CPoolProxy.receiveResponseHeader(CPoolProxy.java:165) ~[httpclient-4.5.3.jar:4.5.3]
	at org.apache.http.protocol.HttpRequestExecutor.doReceiveResponse(HttpRequestExecutor.java:273) ~[httpcore-4.4.16.jar:4.4.16]
	at org.apache.http.protocol.HttpRequestExecutor.execute(HttpRequestExecutor.java:125) ~[httpcore-4.4.16.jar:4.4.16]
	at org.apache.http.impl.execchain.MainClientExec.execute(MainClientExec.java:272) ~[httpclient-4.5.3.jar:4.5.3]
	at org.apache.http.impl.execchain.ProtocolExec.execute(ProtocolExec.java:185) ~[httpclient-4.5.3.jar:4.5.3]
	at org.apache.http.impl.execchain.RetryExec.execute(RetryExec.java:89) ~[httpclient-4.5.3.jar:4.5.3]
	at org.apache.http.impl.execchain.RedirectExec.execute(RedirectExec.java:111) ~[httpclient-4.5.3.jar:4.5.3]
	at org.apache.http.impl.client.InternalHttpClient.doExecute(InternalHttpClient.java:185) ~[httpclient-4.5.3.jar:4.5.3]
	at org.apache.http.impl.client.CloseableHttpClient.execute(CloseableHttpClient.java:72) ~[httpclient-4.5.3.jar:4.5.3]
	at org.glassfish.jersey.apache.connector.ApacheConnector.apply(ApacheConnector.java:486) ~[jersey-apache-connector-3.1.11.jar:na]
	... 16 common frames omitted

2025-10-16T14:47:00.356+05:30  INFO 17032 --- [EurekaService] [tomcat-shutdown] o.s.b.w.e.tomcat.GracefulShutdown        : Graceful shutdown complete
2025-10-16T14:47:00.358+05:30  INFO 17032 --- [EurekaService] [SpringApplicationShutdownHook] o.s.c.n.e.server.EurekaServerBootstrap   : Shutting down Eureka Server..
2025-10-16T14:47:00.359+05:30  INFO 17032 --- [EurekaService] [SpringApplicationShutdownHook] c.n.eureka.DefaultEurekaServerContext    : Shutting down ...
2025-10-16T14:47:00.361+05:30 ERROR 17032 --- [EurekaService] [Eureka-Jersey3Client-Conn-Cleaner2] c.n.d.s.t.j.EurekaJersey3ClientImpl      : Cannot clean connections

java.lang.IllegalStateException: Client instance has been closed.
	at org.glassfish.jersey.internal.guava.Preconditions.checkState(Preconditions.java:169) ~[jersey-common-3.1.11.jar:na]
	at org.glassfish.jersey.client.JerseyClient.checkNotClosed(JerseyClient.java:248) ~[jersey-client-3.1.11.jar:na]
	at org.glassfish.jersey.client.JerseyClient.getConfiguration(JerseyClient.java:363) ~[jersey-client-3.1.11.jar:na]
	at org.glassfish.jersey.client.JerseyClient.getConfiguration(JerseyClient.java:54) ~[jersey-client-3.1.11.jar:na]
	at com.netflix.discovery.shared.transport.jersey3.EurekaJersey3ClientImpl$ConnectionCleanerTask.run(EurekaJersey3ClientImpl.java:338) ~[eureka-client-jersey3-2.0.4.jar:2.0.4]
	at java.base/java.util.concurrent.Executors$RunnableAdapter.call(Executors.java:539) ~[na:na]
	at java.base/java.util.concurrent.FutureTask.run(FutureTask.java:264) ~[na:na]
	at java.base/java.util.concurrent.ScheduledThreadPoolExecutor$ScheduledFutureTask.run(ScheduledThreadPoolExecutor.java:304) ~[na:na]
	at java.base/java.util.concurrent.ThreadPoolExecutor.runWorker(ThreadPoolExecutor.java:1136) ~[na:na]
	at java.base/java.util.concurrent.ThreadPoolExecutor$Worker.run(ThreadPoolExecutor.java:635) ~[na:na]
	at java.base/java.lang.Thread.run(Thread.java:842) ~[na:na]

2025-10-16T14:47:00.366+05:30  INFO 17032 --- [EurekaService] [SpringApplicationShutdownHook] c.n.eureka.DefaultEurekaServerContext    : Shut down
2025-10-16T14:47:00.367+05:30  INFO 17032 --- [EurekaService] [SpringApplicationShutdownHook] o.s.c.n.e.server.EurekaServerBootstrap   : Eureka Service is now shutdown...
2025-10-16T14:47:00.368+05:30  INFO 17032 --- [EurekaService] [SpringApplicationShutdownHook] c.n.eureka.DefaultEurekaServerContext    : Shutting down ...
2025-10-16T14:47:00.368+05:30  INFO 17032 --- [EurekaService] [SpringApplicationShutdownHook] c.n.eureka.DefaultEurekaServerContext    : Shut down
2025-10-16T14:47:00.374+05:30  INFO 17032 --- [EurekaService] [SpringApplicationShutdownHook] com.netflix.discovery.DiscoveryClient    : Shutting down DiscoveryClient ...
2025-10-16T14:47:00.374+05:30  INFO 17032 --- [EurekaService] [SpringApplicationShutdownHook] com.netflix.discovery.DiscoveryClient    : Completed shut down of DiscoveryClient
