2025-10-16T14:42:07.449+05:30  INFO 16472 --- [user-service] [restartedMain] com.app.user.UserServiceApplication      : Starting UserServiceApplication using Java 17.0.12 with PID 16472 (D:\Learning_App\Services\user-service\target\classes started by Welcome in D:\Learning_App)
2025-10-16T14:42:07.453+05:30  INFO 16472 --- [user-service] [restartedMain] com.app.user.UserServiceApplication      : No active profile set, falling back to 1 default profile: "default"
2025-10-16T14:42:07.550+05:30  INFO 16472 --- [user-service] [restartedMain] .e.DevToolsPropertyDefaultsPostProcessor : Devtools property defaults active! Set 'spring.devtools.add-properties' to 'false' to disable
2025-10-16T14:42:07.550+05:30  INFO 16472 --- [user-service] [restartedMain] .e.DevToolsPropertyDefaultsPostProcessor : For additional web related logging consider setting the 'logging.level.web' property to 'DEBUG'
2025-10-16T14:42:08.479+05:30  INFO 16472 --- [user-service] [restartedMain] .s.d.r.c.RepositoryConfigurationDelegate : Bootstrapping Spring Data JPA repositories in DEFAULT mode.
2025-10-16T14:42:08.503+05:30  INFO 16472 --- [user-service] [restartedMain] .s.d.r.c.RepositoryConfigurationDelegate : Finished Spring Data repository scanning in 12 ms. Found 0 JPA repository interfaces.
2025-10-16T14:42:08.812+05:30  INFO 16472 --- [user-service] [restartedMain] o.s.cloud.context.scope.GenericScope     : BeanFactory id=c5517714-e858-35fd-930a-34c4dd5f4387
2025-10-16T14:42:09.458+05:30  INFO 16472 --- [user-service] [restartedMain] o.s.b.w.embedded.tomcat.TomcatWebServer  : Tomcat initialized with port 9001 (http)
2025-10-16T14:42:09.479+05:30  INFO 16472 --- [user-service] [restartedMain] o.apache.catalina.core.StandardService   : Starting service [Tomcat]
2025-10-16T14:42:09.479+05:30  INFO 16472 --- [user-service] [restartedMain] o.apache.catalina.core.StandardEngine    : Starting Servlet engine: [Apache Tomcat/10.1.46]
2025-10-16T14:42:09.526+05:30  INFO 16472 --- [user-service] [restartedMain] o.a.c.c.C.[Tomcat].[localhost].[/]       : Initializing Spring embedded WebApplicationContext
2025-10-16T14:42:09.527+05:30  INFO 16472 --- [user-service] [restartedMain] w.s.c.ServletWebServerApplicationContext : Root WebApplicationContext: initialization completed in 1976 ms
2025-10-16T14:42:09.614+05:30  WARN 16472 --- [user-service] [restartedMain] ConfigServletWebServerApplicationContext : Exception encountered during context initialization - cancelling refresh attempt: org.springframework.beans.factory.BeanCreationException: Error creating bean with name 'entityManagerFactory' defined in class path resource [org/springframework/boot/autoconfigure/orm/jpa/HibernateJpaConfiguration.class]: Failed to initialize dependency 'dataSourceScriptDatabaseInitializer' of LoadTimeWeaverAware bean 'entityManagerFactory': Error creating bean with name 'dataSourceScriptDatabaseInitializer' defined in class path resource [org/springframework/boot/autoconfigure/sql/init/DataSourceInitializationConfiguration.class]: Unsatisfied dependency expressed through method 'dataSourceScriptDatabaseInitializer' parameter 0: Error creating bean with name 'dataSource' defined in class path resource [org/springframework/boot/autoconfigure/jdbc/DataSourceConfiguration$Hikari.class]: Failed to instantiate [com.zaxxer.hikari.HikariDataSource]: Factory method 'dataSource' threw exception with message: Failed to determine a suitable driver class
2025-10-16T14:42:09.618+05:30  INFO 16472 --- [user-service] [restartedMain] o.apache.catalina.core.StandardService   : Stopping service [Tomcat]
2025-10-16T14:42:09.642+05:30  INFO 16472 --- [user-service] [restartedMain] .s.b.a.l.ConditionEvaluationReportLogger : 

Error starting ApplicationContext. To display the condition evaluation report re-run your application with 'debug' enabled.
2025-10-16T14:42:09.672+05:30 ERROR 16472 --- [user-service] [restartedMain] o.s.b.d.LoggingFailureAnalysisReporter   : 

***************************
APPLICATION FAILED TO START
***************************

Description:

Failed to configure a DataSource: 'url' attribute is not specified and no embedded datasource could be configured.

Reason: Failed to determine a suitable driver class


Action:

Consider the following:
	If you want an embedded database (H2, HSQL or Derby), please put it on the classpath.
	If you have database settings to be loaded from a particular profile you may need to activate it (no profiles are currently active).

2025-10-16T14:43:01.962+05:30  INFO 18340 --- [user-service] [restartedMain] com.app.user.UserServiceApplication      : Starting UserServiceApplication using Java 17.0.12 with PID 18340 (D:\Learning_App\Services\user-service\target\classes started by Welcome in D:\Learning_App)
2025-10-16T14:43:01.967+05:30  INFO 18340 --- [user-service] [restartedMain] com.app.user.UserServiceApplication      : No active profile set, falling back to 1 default profile: "default"
2025-10-16T14:43:02.031+05:30  INFO 18340 --- [user-service] [restartedMain] .e.DevToolsPropertyDefaultsPostProcessor : Devtools property defaults active! Set 'spring.devtools.add-properties' to 'false' to disable
2025-10-16T14:43:02.031+05:30  INFO 18340 --- [user-service] [restartedMain] .e.DevToolsPropertyDefaultsPostProcessor : For additional web related logging consider setting the 'logging.level.web' property to 'DEBUG'
2025-10-16T14:43:02.996+05:30  INFO 18340 --- [user-service] [restartedMain] .s.d.r.c.RepositoryConfigurationDelegate : Bootstrapping Spring Data JPA repositories in DEFAULT mode.
2025-10-16T14:43:03.035+05:30  INFO 18340 --- [user-service] [restartedMain] .s.d.r.c.RepositoryConfigurationDelegate : Finished Spring Data repository scanning in 22 ms. Found 0 JPA repository interfaces.
2025-10-16T14:43:03.434+05:30  INFO 18340 --- [user-service] [restartedMain] o.s.cloud.context.scope.GenericScope     : BeanFactory id=c5517714-e858-35fd-930a-34c4dd5f4387
2025-10-16T14:43:04.071+05:30  INFO 18340 --- [user-service] [restartedMain] o.s.b.w.embedded.tomcat.TomcatWebServer  : Tomcat initialized with port 9001 (http)
2025-10-16T14:43:04.095+05:30  INFO 18340 --- [user-service] [restartedMain] o.apache.catalina.core.StandardService   : Starting service [Tomcat]
2025-10-16T14:43:04.095+05:30  INFO 18340 --- [user-service] [restartedMain] o.apache.catalina.core.StandardEngine    : Starting Servlet engine: [Apache Tomcat/10.1.46]
2025-10-16T14:43:04.155+05:30  INFO 18340 --- [user-service] [restartedMain] o.a.c.c.C.[Tomcat].[localhost].[/]       : Initializing Spring embedded WebApplicationContext
2025-10-16T14:43:04.156+05:30  INFO 18340 --- [user-service] [restartedMain] w.s.c.ServletWebServerApplicationContext : Root WebApplicationContext: initialization completed in 2123 ms
2025-10-16T14:43:04.240+05:30  WARN 18340 --- [user-service] [restartedMain] ConfigServletWebServerApplicationContext : Exception encountered during context initialization - cancelling refresh attempt: org.springframework.beans.factory.BeanCreationException: Error creating bean with name 'entityManagerFactory' defined in class path resource [org/springframework/boot/autoconfigure/orm/jpa/HibernateJpaConfiguration.class]: Failed to initialize dependency 'dataSourceScriptDatabaseInitializer' of LoadTimeWeaverAware bean 'entityManagerFactory': Error creating bean with name 'dataSourceScriptDatabaseInitializer' defined in class path resource [org/springframework/boot/autoconfigure/sql/init/DataSourceInitializationConfiguration.class]: Unsatisfied dependency expressed through method 'dataSourceScriptDatabaseInitializer' parameter 0: Error creating bean with name 'dataSource' defined in class path resource [org/springframework/boot/autoconfigure/jdbc/DataSourceConfiguration$Hikari.class]: Failed to instantiate [com.zaxxer.hikari.HikariDataSource]: Factory method 'dataSource' threw exception with message: Failed to determine a suitable driver class
2025-10-16T14:43:04.245+05:30  INFO 18340 --- [user-service] [restartedMain] o.apache.catalina.core.StandardService   : Stopping service [Tomcat]
2025-10-16T14:43:04.261+05:30  INFO 18340 --- [user-service] [restartedMain] .s.b.a.l.ConditionEvaluationReportLogger : 

Error starting ApplicationContext. To display the condition evaluation report re-run your application with 'debug' enabled.
2025-10-16T14:43:04.290+05:30 ERROR 18340 --- [user-service] [restartedMain] o.s.b.d.LoggingFailureAnalysisReporter   : 

***************************
APPLICATION FAILED TO START
***************************

Description:

Failed to configure a DataSource: 'url' attribute is not specified and no embedded datasource could be configured.

Reason: Failed to determine a suitable driver class


Action:

Consider the following:
	If you want an embedded database (H2, HSQL or Derby), please put it on the classpath.
	If you have database settings to be loaded from a particular profile you may need to activate it (no profiles are currently active).

2025-10-16T14:46:20.612+05:30  INFO 15616 --- [user-service] [restartedMain] com.app.user.UserServiceApplication      : Starting UserServiceApplication using Java 17.0.12 with PID 15616 (D:\Learning_App\Services\user-service\target\classes started by Welcome in D:\Learning_App)
2025-10-16T14:46:20.614+05:30  INFO 15616 --- [user-service] [restartedMain] com.app.user.UserServiceApplication      : No active profile set, falling back to 1 default profile: "default"
2025-10-16T14:46:20.682+05:30  INFO 15616 --- [user-service] [restartedMain] .e.DevToolsPropertyDefaultsPostProcessor : Devtools property defaults active! Set 'spring.devtools.add-properties' to 'false' to disable
2025-10-16T14:46:20.682+05:30  INFO 15616 --- [user-service] [restartedMain] .e.DevToolsPropertyDefaultsPostProcessor : For additional web related logging consider setting the 'logging.level.web' property to 'DEBUG'
2025-10-16T14:46:21.674+05:30  INFO 15616 --- [user-service] [restartedMain] o.s.cloud.context.scope.GenericScope     : BeanFactory id=51fd687a-6da5-3880-be6b-37d45a6e496a
2025-10-16T14:46:22.144+05:30  INFO 15616 --- [user-service] [restartedMain] o.s.b.w.embedded.tomcat.TomcatWebServer  : Tomcat initialized with port 9001 (http)
2025-10-16T14:46:22.158+05:30  INFO 15616 --- [user-service] [restartedMain] o.apache.catalina.core.StandardService   : Starting service [Tomcat]
2025-10-16T14:46:22.159+05:30  INFO 15616 --- [user-service] [restartedMain] o.apache.catalina.core.StandardEngine    : Starting Servlet engine: [Apache Tomcat/10.1.46]
2025-10-16T14:46:22.214+05:30  INFO 15616 --- [user-service] [restartedMain] o.a.c.c.C.[Tomcat].[localhost].[/]       : Initializing Spring embedded WebApplicationContext
2025-10-16T14:46:22.215+05:30  INFO 15616 --- [user-service] [restartedMain] w.s.c.ServletWebServerApplicationContext : Root WebApplicationContext: initialization completed in 1532 ms
2025-10-16T14:46:22.924+05:30  INFO 15616 --- [user-service] [restartedMain] o.s.b.d.a.OptionalLiveReloadServer       : LiveReload server is running on port 35729
2025-10-16T14:46:23.205+05:30  INFO 15616 --- [user-service] [restartedMain] DiscoveryClientOptionalArgsConfiguration : Eureka HTTP Client uses RestTemplate.
2025-10-16T14:46:23.260+05:30  WARN 15616 --- [user-service] [restartedMain] iguration$LoadBalancerCaffeineWarnLogger : Spring Cloud LoadBalancer is currently working with the default cache. While this cache implementation is useful for development and tests, it's recommended to use Caffeine cache in production.You can switch to using Caffeine cache, by adding it and org.springframework.cache.caffeine.CaffeineCacheManager to the classpath.
2025-10-16T14:46:23.288+05:30  INFO 15616 --- [user-service] [restartedMain] o.s.c.n.eureka.InstanceInfoFactory       : Setting initial instance status as: STARTING
2025-10-16T14:46:23.324+05:30  INFO 15616 --- [user-service] [restartedMain] com.netflix.discovery.DiscoveryClient    : Initializing Eureka in region us-east-1
2025-10-16T14:46:23.331+05:30  INFO 15616 --- [user-service] [restartedMain] c.n.d.s.r.aws.ConfigClusterResolver      : Resolving eureka endpoints via configuration
2025-10-16T14:46:23.342+05:30  INFO 15616 --- [user-service] [restartedMain] com.netflix.discovery.DiscoveryClient    : Disable delta property : false
2025-10-16T14:46:23.343+05:30  INFO 15616 --- [user-service] [restartedMain] com.netflix.discovery.DiscoveryClient    : Single vip registry refresh property : null
2025-10-16T14:46:23.344+05:30  INFO 15616 --- [user-service] [restartedMain] com.netflix.discovery.DiscoveryClient    : Force full registry fetch : false
2025-10-16T14:46:23.344+05:30  INFO 15616 --- [user-service] [restartedMain] com.netflix.discovery.DiscoveryClient    : Application is null : false
2025-10-16T14:46:23.344+05:30  INFO 15616 --- [user-service] [restartedMain] com.netflix.discovery.DiscoveryClient    : Registered Applications size is zero : true
2025-10-16T14:46:23.344+05:30  INFO 15616 --- [user-service] [restartedMain] com.netflix.discovery.DiscoveryClient    : Application version is -1: true
2025-10-16T14:46:23.344+05:30  INFO 15616 --- [user-service] [restartedMain] com.netflix.discovery.DiscoveryClient    : Getting all instance registry info from the eureka server
2025-10-16T14:46:23.985+05:30  INFO 15616 --- [user-service] [restartedMain] com.netflix.discovery.DiscoveryClient    : The response status is 200
2025-10-16T14:46:23.986+05:30  INFO 15616 --- [user-service] [restartedMain] com.netflix.discovery.DiscoveryClient    : Starting heartbeat executor: renew interval is: 30
2025-10-16T14:46:23.987+05:30  INFO 15616 --- [user-service] [restartedMain] c.n.discovery.InstanceInfoReplicator     : InstanceInfoReplicator onDemand update allowed rate per min is 4
2025-10-16T14:46:23.990+05:30  INFO 15616 --- [user-service] [restartedMain] com.netflix.discovery.DiscoveryClient    : Discovery Client initialized at timestamp 1760606183988 with initial instances count: 0
2025-10-16T14:46:23.992+05:30  INFO 15616 --- [user-service] [restartedMain] o.s.c.n.e.s.EurekaServiceRegistry        : Registering application USER-SERVICE with eureka with status UP
2025-10-16T14:46:23.993+05:30  INFO 15616 --- [user-service] [restartedMain] com.netflix.discovery.DiscoveryClient    : Saw local status change event StatusChangeEvent [timestamp=1760606183993, current=UP, previous=STARTING]
2025-10-16T14:46:23.995+05:30  INFO 15616 --- [user-service] [DiscoveryClient-InstanceInfoReplicator-%d] com.netflix.discovery.DiscoveryClient    : DiscoveryClient_USER-SERVICE/Pawan-kumar:user-service:9001: registering service...
2025-10-16T14:46:24.023+05:30  INFO 15616 --- [user-service] [restartedMain] o.s.b.w.embedded.tomcat.TomcatWebServer  : Tomcat started on port 9001 (http) with context path '/'
2025-10-16T14:46:24.024+05:30  INFO 15616 --- [user-service] [restartedMain] .s.c.n.e.s.EurekaAutoServiceRegistration : Updating port to 9001
2025-10-16T14:46:24.120+05:30  INFO 15616 --- [user-service] [DiscoveryClient-InstanceInfoReplicator-%d] com.netflix.discovery.DiscoveryClient    : DiscoveryClient_USER-SERVICE/Pawan-kumar:user-service:9001 - registration status: 204
2025-10-16T14:46:24.143+05:30  INFO 15616 --- [user-service] [restartedMain] com.app.user.UserServiceApplication      : Started UserServiceApplication in 4.244 seconds (process running for 4.922)
2025-10-16T14:46:53.989+05:30  INFO 15616 --- [user-service] [DiscoveryClient-CacheRefreshExecutor-%d] com.netflix.discovery.DiscoveryClient    : Disable delta property : false
2025-10-16T14:46:53.990+05:30  INFO 15616 --- [user-service] [DiscoveryClient-CacheRefreshExecutor-%d] com.netflix.discovery.DiscoveryClient    : Single vip registry refresh property : null
2025-10-16T14:46:53.991+05:30  INFO 15616 --- [user-service] [DiscoveryClient-CacheRefreshExecutor-%d] com.netflix.discovery.DiscoveryClient    : Force full registry fetch : false
2025-10-16T14:46:53.991+05:30  INFO 15616 --- [user-service] [DiscoveryClient-CacheRefreshExecutor-%d] com.netflix.discovery.DiscoveryClient    : Application is null : false
2025-10-16T14:46:53.991+05:30  INFO 15616 --- [user-service] [DiscoveryClient-CacheRefreshExecutor-%d] com.netflix.discovery.DiscoveryClient    : Registered Applications size is zero : true
2025-10-16T14:46:53.992+05:30  INFO 15616 --- [user-service] [DiscoveryClient-CacheRefreshExecutor-%d] com.netflix.discovery.DiscoveryClient    : Application version is -1: false
2025-10-16T14:46:53.993+05:30  INFO 15616 --- [user-service] [DiscoveryClient-CacheRefreshExecutor-%d] com.netflix.discovery.DiscoveryClient    : Getting all instance registry info from the eureka server
2025-10-16T14:46:54.015+05:30  INFO 15616 --- [user-service] [DiscoveryClient-CacheRefreshExecutor-%d] com.netflix.discovery.DiscoveryClient    : The response status is 200
2025-10-16T14:46:56.545+05:30  INFO 15616 --- [user-service] [SpringApplicationShutdownHook] o.s.c.n.e.s.EurekaServiceRegistry        : Unregistering application USER-SERVICE with eureka with status DOWN
2025-10-16T14:46:56.545+05:30  INFO 15616 --- [user-service] [SpringApplicationShutdownHook] com.netflix.discovery.DiscoveryClient    : Saw local status change event StatusChangeEvent [timestamp=1760606216545, current=DOWN, previous=UP]
2025-10-16T14:46:56.545+05:30  INFO 15616 --- [user-service] [DiscoveryClient-InstanceInfoReplicator-%d] com.netflix.discovery.DiscoveryClient    : DiscoveryClient_USER-SERVICE/Pawan-kumar:user-service:9001: registering service...
2025-10-16T14:46:56.547+05:30  INFO 15616 --- [user-service] [SpringApplicationShutdownHook] o.s.b.w.e.tomcat.GracefulShutdown        : Commencing graceful shutdown. Waiting for active requests to complete
2025-10-16T14:46:56.570+05:30  INFO 15616 --- [user-service] [DiscoveryClient-InstanceInfoReplicator-%d] com.netflix.discovery.DiscoveryClient    : DiscoveryClient_USER-SERVICE/Pawan-kumar:user-service:9001 - registration status: 204
2025-10-16T14:46:56.727+05:30  INFO 15616 --- [user-service] [tomcat-shutdown] o.s.b.w.e.tomcat.GracefulShutdown        : Graceful shutdown complete
2025-10-16T14:46:56.733+05:30  INFO 15616 --- [user-service] [SpringApplicationShutdownHook] com.netflix.discovery.DiscoveryClient    : Shutting down DiscoveryClient ...
2025-10-16T14:46:59.738+05:30  INFO 15616 --- [user-service] [SpringApplicationShutdownHook] com.netflix.discovery.DiscoveryClient    : Unregistering ...
2025-10-16T14:46:59.760+05:30  INFO 15616 --- [user-service] [SpringApplicationShutdownHook] com.netflix.discovery.DiscoveryClient    : DiscoveryClient_USER-SERVICE/Pawan-kumar:user-service:9001 - deregister  status: 200
2025-10-16T14:46:59.761+05:30  INFO 15616 --- [user-service] [SpringApplicationShutdownHook] com.netflix.discovery.DiscoveryClient    : Completed shut down of DiscoveryClient
