2025-11-05T10:59:46.279+05:30  INFO [EurekaService,traceId=,spanId=] 5508 --- [EurekaService] [main] [                                                 ] c.eureka.demo.EurekaServiceApplication   : Starting EurekaServiceApplication using Java 17.0.12 with PID 5508 (D:\Learning_App\Services\EurekaService\target\classes started by Welcome in D:\Learning_App)
2025-11-05T10:59:46.292+05:30  INFO [EurekaService,traceId=,spanId=] 5508 --- [EurekaService] [main] [                                                 ] c.eureka.demo.EurekaServiceApplication   : No active profile set, falling back to 1 default profile: "default"
2025-11-05T10:59:48.888+05:30  INFO [EurekaService,traceId=,spanId=] 5508 --- [EurekaService] [main] [                                                 ] o.s.cloud.context.scope.GenericScope     : BeanFactory id=02934718-5034-3d38-af34-981489ea5e39
2025-11-05T10:59:49.028+05:30  WARN [EurekaService,traceId=,spanId=] 5508 --- [EurekaService] [main] [                                                 ] trationDelegate$BeanPostProcessorChecker : Bean 'org.springframework.cloud.client.loadbalancer.LoadBalancerAutoConfiguration$DeferringLoadBalancerInterceptorConfig' of type [org.springframework.cloud.client.loadbalancer.LoadBalancerAutoConfiguration$DeferringLoadBalancerInterceptorConfig] is not eligible for getting processed by all BeanPostProcessors (for example: not eligible for auto-proxying). The currently created BeanPostProcessor [lbRestClientPostProcessor] is declared through a non-static factory method on that class; consider declaring it as static instead.
2025-11-05T10:59:49.048+05:30  WARN [EurekaService,traceId=,spanId=] 5508 --- [EurekaService] [main] [                                                 ] trationDelegate$BeanPostProcessorChecker : Bean 'deferringLoadBalancerInterceptor' of type [org.springframework.cloud.client.loadbalancer.DeferringLoadBalancerInterceptor] is not eligible for getting processed by all BeanPostProcessors (for example: not eligible for auto-proxying). Is this bean getting eagerly injected into a currently created BeanPostProcessor [lbRestClientPostProcessor]? Check the corresponding BeanPostProcessor declaration and its dependencies.
2025-11-05T10:59:49.607+05:30  INFO [EurekaService,traceId=,spanId=] 5508 --- [EurekaService] [main] [                                                 ] o.s.b.w.embedded.tomcat.TomcatWebServer  : Tomcat initialized with port 8761 (http)
2025-11-05T10:59:49.627+05:30  INFO [EurekaService,traceId=,spanId=] 5508 --- [EurekaService] [main] [                                                 ] o.apache.catalina.core.StandardService   : Starting service [Tomcat]
2025-11-05T10:59:49.628+05:30  INFO [EurekaService,traceId=,spanId=] 5508 --- [EurekaService] [main] [                                                 ] o.apache.catalina.core.StandardEngine    : Starting Servlet engine: [Apache Tomcat/10.1.30]
2025-11-05T10:59:49.762+05:30  INFO [EurekaService,traceId=,spanId=] 5508 --- [EurekaService] [main] [                                                 ] o.a.c.c.C.[Tomcat].[localhost].[/]       : Initializing Spring embedded WebApplicationContext
2025-11-05T10:59:49.765+05:30  INFO [EurekaService,traceId=,spanId=] 5508 --- [EurekaService] [main] [                                                 ] w.s.c.ServletWebServerApplicationContext : Root WebApplicationContext: initialization completed in 3382 ms
2025-11-05T10:59:51.943+05:30  INFO [EurekaService,traceId=,spanId=] 5508 --- [EurekaService] [main] [                                                 ] c.n.d.provider.DiscoveryJerseyProvider   : Using JSON encoding codec LegacyJacksonJson
2025-11-05T10:59:51.946+05:30  INFO [EurekaService,traceId=,spanId=] 5508 --- [EurekaService] [main] [                                                 ] c.n.d.provider.DiscoveryJerseyProvider   : Using JSON decoding codec LegacyJacksonJson
2025-11-05T10:59:52.350+05:30  INFO [EurekaService,traceId=,spanId=] 5508 --- [EurekaService] [main] [                                                 ] c.n.d.provider.DiscoveryJerseyProvider   : Using XML encoding codec XStreamXml
2025-11-05T10:59:52.351+05:30  INFO [EurekaService,traceId=,spanId=] 5508 --- [EurekaService] [main] [                                                 ] c.n.d.provider.DiscoveryJerseyProvider   : Using XML decoding codec XStreamXml
2025-11-05T10:59:54.742+05:30  WARN [EurekaService,traceId=,spanId=] 5508 --- [EurekaService] [main] [                                                 ] iguration$LoadBalancerCaffeineWarnLogger : Spring Cloud LoadBalancer is currently working with the default cache. While this cache implementation is useful for development and tests, it's recommended to use Caffeine cache in production.You can switch to using Caffeine cache, by adding it and org.springframework.cache.caffeine.CaffeineCacheManager to the classpath.
2025-11-05T10:59:54.778+05:30  INFO [EurekaService,traceId=,spanId=] 5508 --- [EurekaService] [main] [                                                 ] o.s.c.n.eureka.InstanceInfoFactory       : Setting initial instance status as: STARTING
2025-11-05T10:59:54.815+05:30  INFO [EurekaService,traceId=,spanId=] 5508 --- [EurekaService] [main] [                                                 ] com.netflix.discovery.DiscoveryClient    : Initializing Eureka in region us-east-1
2025-11-05T10:59:54.816+05:30  INFO [EurekaService,traceId=,spanId=] 5508 --- [EurekaService] [main] [                                                 ] com.netflix.discovery.DiscoveryClient    : Client configured to neither register nor query for data.
2025-11-05T10:59:54.822+05:30  INFO [EurekaService,traceId=,spanId=] 5508 --- [EurekaService] [main] [                                                 ] com.netflix.discovery.DiscoveryClient    : Discovery Client initialized at timestamp 1762320594819 with initial instances count: 0
2025-11-05T10:59:54.914+05:30  INFO [EurekaService,traceId=,spanId=] 5508 --- [EurekaService] [main] [                                                 ] c.n.eureka.DefaultEurekaServerContext    : Initializing ...
2025-11-05T10:59:54.918+05:30  INFO [EurekaService,traceId=,spanId=] 5508 --- [EurekaService] [main] [                                                 ] c.n.eureka.cluster.PeerEurekaNodes       : Adding new peer nodes [http://localhost:8761/eureka/]
2025-11-05T10:59:55.000+05:30  INFO [EurekaService,traceId=,spanId=] 5508 --- [EurekaService] [main] [                                                 ] c.n.d.provider.DiscoveryJerseyProvider   : Using JSON encoding codec LegacyJacksonJson
2025-11-05T10:59:55.002+05:30  INFO [EurekaService,traceId=,spanId=] 5508 --- [EurekaService] [main] [                                                 ] c.n.d.provider.DiscoveryJerseyProvider   : Using JSON decoding codec LegacyJacksonJson
2025-11-05T10:59:55.003+05:30  INFO [EurekaService,traceId=,spanId=] 5508 --- [EurekaService] [main] [                                                 ] c.n.d.provider.DiscoveryJerseyProvider   : Using XML encoding codec XStreamXml
2025-11-05T10:59:55.003+05:30  INFO [EurekaService,traceId=,spanId=] 5508 --- [EurekaService] [main] [                                                 ] c.n.d.provider.DiscoveryJerseyProvider   : Using XML decoding codec XStreamXml
2025-11-05T10:59:55.096+05:30  INFO [EurekaService,traceId=,spanId=] 5508 --- [EurekaService] [main] [                                                 ] c.n.eureka.cluster.PeerEurekaNodes       : Replica node URL:  http://localhost:8761/eureka/
2025-11-05T10:59:55.114+05:30  INFO [EurekaService,traceId=,spanId=] 5508 --- [EurekaService] [main] [                                                 ] c.n.e.registry.AbstractInstanceRegistry  : Finished initializing remote region registries. All known remote regions: []
2025-11-05T10:59:55.114+05:30  INFO [EurekaService,traceId=,spanId=] 5508 --- [EurekaService] [main] [                                                 ] c.n.eureka.DefaultEurekaServerContext    : Initialized
2025-11-05T10:59:55.135+05:30  INFO [EurekaService,traceId=,spanId=] 5508 --- [EurekaService] [main] [                                                 ] o.s.b.a.e.web.EndpointLinksResolver      : Exposing 1 endpoint beneath base path '/actuator'
2025-11-05T10:59:55.248+05:30  INFO [EurekaService,traceId=,spanId=] 5508 --- [EurekaService] [main] [                                                 ] o.s.c.n.e.s.EurekaServiceRegistry        : Registering application EUREKASERVICE with eureka with status UP
2025-11-05T10:59:55.292+05:30  INFO [EurekaService,traceId=,spanId=] 5508 --- [EurekaService] [Thread-9] [                                                 ] o.s.c.n.e.server.EurekaServerBootstrap   : isAws returned false
2025-11-05T10:59:55.293+05:30  INFO [EurekaService,traceId=,spanId=] 5508 --- [EurekaService] [Thread-9] [                                                 ] o.s.c.n.e.server.EurekaServerBootstrap   : Initialized server context
2025-11-05T10:59:55.294+05:30  INFO [EurekaService,traceId=,spanId=] 5508 --- [EurekaService] [Thread-9] [                                                 ] c.n.e.r.PeerAwareInstanceRegistryImpl    : Got 1 instances from neighboring DS node
2025-11-05T10:59:55.294+05:30  INFO [EurekaService,traceId=,spanId=] 5508 --- [EurekaService] [Thread-9] [                                                 ] c.n.e.r.PeerAwareInstanceRegistryImpl    : Renew threshold is: 1
2025-11-05T10:59:55.294+05:30  INFO [EurekaService,traceId=,spanId=] 5508 --- [EurekaService] [Thread-9] [                                                 ] c.n.e.r.PeerAwareInstanceRegistryImpl    : Changing status to UP
2025-11-05T10:59:55.298+05:30  INFO [EurekaService,traceId=,spanId=] 5508 --- [EurekaService] [Thread-9] [                                                 ] e.s.EurekaServerInitializerConfiguration : Started Eureka Server
2025-11-05T10:59:55.327+05:30  INFO [EurekaService,traceId=,spanId=] 5508 --- [EurekaService] [main] [                                                 ] o.s.b.w.embedded.tomcat.TomcatWebServer  : Tomcat started on port 8761 (http) with context path '/'
2025-11-05T10:59:55.331+05:30  INFO [EurekaService,traceId=,spanId=] 5508 --- [EurekaService] [main] [                                                 ] .s.c.n.e.s.EurekaAutoServiceRegistration : Updating port to 8761
2025-11-05T10:59:55.636+05:30  INFO [EurekaService,traceId=,spanId=] 5508 --- [EurekaService] [main] [                                                 ] c.eureka.demo.EurekaServiceApplication   : Started EurekaServiceApplication in 10.569 seconds (process running for 11.76)
2025-11-05T11:00:13.076+05:30  INFO [EurekaService,traceId=,spanId=] 5508 --- [EurekaService] [http-nio-8761-exec-1] [                                                 ] o.a.c.c.C.[Tomcat].[localhost].[/]       : Initializing Spring DispatcherServlet 'dispatcherServlet'
2025-11-05T11:00:13.077+05:30  INFO [EurekaService,traceId=,spanId=] 5508 --- [EurekaService] [http-nio-8761-exec-1] [                                                 ] o.s.web.servlet.DispatcherServlet        : Initializing Servlet 'dispatcherServlet'
2025-11-05T11:00:13.082+05:30  INFO [EurekaService,traceId=,spanId=] 5508 --- [EurekaService] [http-nio-8761-exec-1] [                                                 ] o.s.web.servlet.DispatcherServlet        : Completed initialization in 4 ms
2025-11-05T11:00:13.674+05:30  INFO [EurekaService,traceId=690ae0e541a69dd34daefdd5e6a97b19,spanId=4daefdd5e6a97b19] 5508 --- [EurekaService] [http-nio-8761-exec-4] [690ae0e541a69dd34daefdd5e6a97b19-4daefdd5e6a97b19] c.n.e.registry.AbstractInstanceRegistry  : Registered instance APIGATEWAY/Pawan-kumar:apigateway:9002 with status UP (replication=false)
2025-11-05T11:00:14.378+05:30  INFO [EurekaService,traceId=690ae0e6bc71671ecfa4cd124f21b987,spanId=cfa4cd124f21b987] 5508 --- [EurekaService] [http-nio-8761-exec-5] [690ae0e6bc71671ecfa4cd124f21b987-cfa4cd124f21b987] c.n.e.registry.AbstractInstanceRegistry  : Registered instance APIGATEWAY/Pawan-kumar:apigateway:9002 with status UP (replication=true)
2025-11-05T11:00:43.550+05:30  INFO [EurekaService,traceId=690ae10337406f936a9861b5b30ca01d,spanId=6a9861b5b30ca01d] 5508 --- [EurekaService] [http-nio-8761-exec-3] [690ae10337406f936a9861b5b30ca01d-6a9861b5b30ca01d] c.n.e.registry.AbstractInstanceRegistry  : Registered instance INTERNSHIP-SERVICE/Pawan-kumar:internship-service:9004 with status UP (replication=false)
2025-11-05T11:00:44.084+05:30  INFO [EurekaService,traceId=690ae104d3ed985393d6cdde79ace60b,spanId=93d6cdde79ace60b] 5508 --- [EurekaService] [http-nio-8761-exec-6] [690ae104d3ed985393d6cdde79ace60b-93d6cdde79ace60b] c.n.e.registry.AbstractInstanceRegistry  : Registered instance INTERNSHIP-SERVICE/Pawan-kumar:internship-service:9004 with status UP (replication=true)
2025-11-05T11:00:55.300+05:30  INFO [EurekaService,traceId=,spanId=] 5508 --- [EurekaService] [Eureka-EvictionTimer] [                                                 ] c.n.e.registry.AbstractInstanceRegistry  : Running the evict task with compensationTime 0ms
2025-11-05T11:01:04.670+05:30  INFO [EurekaService,traceId=690ae118d3b639b7c60eef8c9db6efe1,spanId=9d475711ae3ab111] 5508 --- [EurekaService] [http-nio-8761-exec-10] [690ae118d3b639b7c60eef8c9db6efe1-9d475711ae3ab111] c.n.e.registry.AbstractInstanceRegistry  : Registered instance MENTOR-SERVICE/Pawan-kumar:mentor-service:9005 with status UP (replication=false)
2025-11-05T11:01:05.195+05:30  INFO [EurekaService,traceId=690ae1191449437ccb0d85f7b07d350c,spanId=cb0d85f7b07d350c] 5508 --- [EurekaService] [http-nio-8761-exec-1] [690ae1191449437ccb0d85f7b07d350c-cb0d85f7b07d350c] c.n.e.registry.AbstractInstanceRegistry  : Registered instance MENTOR-SERVICE/Pawan-kumar:mentor-service:9005 with status UP (replication=true)
2025-11-05T11:01:55.300+05:30  INFO [EurekaService,traceId=,spanId=] 5508 --- [EurekaService] [Eureka-EvictionTimer] [                                                 ] c.n.e.registry.AbstractInstanceRegistry  : Running the evict task with compensationTime 0ms
2025-11-05T11:02:27.824+05:30  INFO [EurekaService,traceId=690ae16b64ad9aefa457533b1ff74d51,spanId=ceb3dd2c5f007426] 5508 --- [EurekaService] [http-nio-8761-exec-5] [690ae16b64ad9aefa457533b1ff74d51-ceb3dd2c5f007426] c.n.e.registry.AbstractInstanceRegistry  : Registered instance MENTOR-SERVICE/Pawan-kumar:mentor-service:9005 with status DOWN (replication=false)
2025-11-05T11:02:27.885+05:30  INFO [EurekaService,traceId=690ae16b05cec212352d01d50aca355a,spanId=352d01d50aca355a] 5508 --- [EurekaService] [http-nio-8761-exec-8] [690ae16b05cec212352d01d50aca355a-352d01d50aca355a] c.n.e.registry.AbstractInstanceRegistry  : Registered instance INTERNSHIP-SERVICE/Pawan-kumar:internship-service:9004 with status DOWN (replication=false)
2025-11-05T11:02:27.934+05:30  INFO [EurekaService,traceId=690ae16be6eaa4790f61a9fe0f705b79,spanId=0f61a9fe0f705b79] 5508 --- [EurekaService] [http-nio-8761-exec-9] [690ae16be6eaa4790f61a9fe0f705b79-0f61a9fe0f705b79] c.n.e.registry.AbstractInstanceRegistry  : Registered instance APIGATEWAY/Pawan-kumar:apigateway:9002 with status DOWN (replication=false)
2025-11-05T11:02:28.037+05:30  INFO [EurekaService,traceId=,spanId=] 5508 --- [EurekaService] [SpringApplicationShutdownHook] [                                                 ] o.s.c.n.e.s.EurekaServiceRegistry        : Unregistering application EUREKASERVICE with eureka with status DOWN
2025-11-05T11:02:28.402+05:30  INFO [EurekaService,traceId=,spanId=] 5508 --- [EurekaService] [SpringApplicationShutdownHook] [                                                 ] o.s.c.n.e.server.EurekaServerBootstrap   : Shutting down Eureka Server..
2025-11-05T11:02:28.402+05:30  INFO [EurekaService,traceId=,spanId=] 5508 --- [EurekaService] [SpringApplicationShutdownHook] [                                                 ] c.n.eureka.DefaultEurekaServerContext    : Shutting down ...
2025-11-05T11:02:28.408+05:30 ERROR [EurekaService,traceId=,spanId=] 5508 --- [EurekaService] [Eureka-Jersey3Client-Conn-Cleaner2] [                                                 ] c.n.d.s.t.j.EurekaJersey3ClientImpl      : Cannot clean connections

java.lang.IllegalStateException: Client instance has been closed.
	at org.glassfish.jersey.internal.guava.Preconditions.checkState(Preconditions.java:169) ~[jersey-common-3.1.8.jar:na]
	at org.glassfish.jersey.client.JerseyClient.checkNotClosed(JerseyClient.java:248) ~[jersey-client-3.1.8.jar:na]
	at org.glassfish.jersey.client.JerseyClient.getConfiguration(JerseyClient.java:363) ~[jersey-client-3.1.8.jar:na]
	at org.glassfish.jersey.client.JerseyClient.getConfiguration(JerseyClient.java:54) ~[jersey-client-3.1.8.jar:na]
	at com.netflix.discovery.shared.transport.jersey3.EurekaJersey3ClientImpl$ConnectionCleanerTask.run(EurekaJersey3ClientImpl.java:338) ~[eureka-client-jersey3-2.0.3.jar:2.0.3]
	at java.base/java.util.concurrent.Executors$RunnableAdapter.call(Executors.java:539) ~[na:na]
	at java.base/java.util.concurrent.FutureTask.run(FutureTask.java:264) ~[na:na]
	at java.base/java.util.concurrent.ScheduledThreadPoolExecutor$ScheduledFutureTask.run(ScheduledThreadPoolExecutor.java:304) ~[na:na]
	at java.base/java.util.concurrent.ThreadPoolExecutor.runWorker(ThreadPoolExecutor.java:1136) ~[na:na]
	at java.base/java.util.concurrent.ThreadPoolExecutor$Worker.run(ThreadPoolExecutor.java:635) ~[na:na]
	at java.base/java.lang.Thread.run(Thread.java:842) ~[na:na]

2025-11-05T11:02:28.356+05:30 ERROR [EurekaService,traceId=,spanId=] 5508 --- [EurekaService] [TaskBatchingWorker-target_localhost-16] [                                                 ] c.n.e.cluster.ReplicationTaskProcessor   : Network level connection to peer localhost; retrying after delay

jakarta.ws.rs.ProcessingException: org.apache.http.NoHttpResponseException: localhost:8761 failed to respond
	at org.glassfish.jersey.apache.connector.ApacheConnector.apply(ApacheConnector.java:534) ~[jersey-apache-connector-3.1.8.jar:na]
	at org.glassfish.jersey.client.ClientRuntime.invoke(ClientRuntime.java:300) ~[jersey-client-3.1.8.jar:na]
	at org.glassfish.jersey.client.JerseyInvocation.lambda$invoke$0(JerseyInvocation.java:674) ~[jersey-client-3.1.8.jar:na]
	at org.glassfish.jersey.client.JerseyInvocation.call(JerseyInvocation.java:709) ~[jersey-client-3.1.8.jar:na]
	at org.glassfish.jersey.client.JerseyInvocation.lambda$runInScope$3(JerseyInvocation.java:703) ~[jersey-client-3.1.8.jar:na]
	at org.glassfish.jersey.internal.Errors.process(Errors.java:292) ~[jersey-common-3.1.8.jar:na]
	at org.glassfish.jersey.internal.Errors.process(Errors.java:274) ~[jersey-common-3.1.8.jar:na]
	at org.glassfish.jersey.internal.Errors.process(Errors.java:205) ~[jersey-common-3.1.8.jar:na]
	at org.glassfish.jersey.process.internal.RequestScope.runInScope(RequestScope.java:391) ~[jersey-common-3.1.8.jar:na]
	at org.glassfish.jersey.client.JerseyInvocation.runInScope(JerseyInvocation.java:703) ~[jersey-client-3.1.8.jar:na]
	at org.glassfish.jersey.client.JerseyInvocation.invoke(JerseyInvocation.java:673) ~[jersey-client-3.1.8.jar:na]
	at org.glassfish.jersey.client.JerseyInvocation$Builder.method(JerseyInvocation.java:439) ~[jersey-client-3.1.8.jar:na]
	at org.glassfish.jersey.client.JerseyInvocation$Builder.post(JerseyInvocation.java:345) ~[jersey-client-3.1.8.jar:na]
	at com.netflix.eureka.transport.Jersey3ReplicationClient.submitBatchUpdates(Jersey3ReplicationClient.java:116) ~[eureka-core-jersey3-2.0.3.jar:2.0.3]
	at com.netflix.eureka.cluster.ReplicationTaskProcessor.process(ReplicationTaskProcessor.java:80) ~[eureka-core-2.0.3.jar:2.0.3]
	at com.netflix.eureka.util.batcher.TaskExecutors$BatchWorkerRunnable.run(TaskExecutors.java:178) ~[eureka-core-2.0.3.jar:2.0.3]
	at java.base/java.lang.Thread.run(Thread.java:842) ~[na:na]
Caused by: org.apache.http.NoHttpResponseException: localhost:8761 failed to respond
	at org.apache.http.impl.conn.DefaultHttpResponseParser.parseHead(DefaultHttpResponseParser.java:141) ~[httpclient-4.5.3.jar:4.5.3]
	at org.apache.http.impl.conn.DefaultHttpResponseParser.parseHead(DefaultHttpResponseParser.java:56) ~[httpclient-4.5.3.jar:4.5.3]
	at org.apache.http.impl.io.AbstractMessageParser.parse(AbstractMessageParser.java:259) ~[httpcore-4.4.16.jar:4.4.16]
	at org.apache.http.impl.DefaultBHttpClientConnection.receiveResponseHeader(DefaultBHttpClientConnection.java:163) ~[httpcore-4.4.16.jar:4.4.16]
	at org.apache.http.impl.conn.CPoolProxy.receiveResponseHeader(CPoolProxy.java:165) ~[httpclient-4.5.3.jar:4.5.3]
	at org.apache.http.protocol.HttpRequestExecutor.doReceiveResponse(HttpRequestExecutor.java:273) ~[httpcore-4.4.16.jar:4.4.16]
	at org.apache.http.protocol.HttpRequestExecutor.execute(HttpRequestExecutor.java:125) ~[httpcore-4.4.16.jar:4.4.16]
	at org.apache.http.impl.execchain.MainClientExec.execute(MainClientExec.java:272) ~[httpclient-4.5.3.jar:4.5.3]
	at org.apache.http.impl.execchain.ProtocolExec.execute(ProtocolExec.java:185) ~[httpclient-4.5.3.jar:4.5.3]
	at org.apache.http.impl.execchain.RetryExec.execute(RetryExec.java:89) ~[httpclient-4.5.3.jar:4.5.3]
	at org.apache.http.impl.execchain.RedirectExec.execute(RedirectExec.java:111) ~[httpclient-4.5.3.jar:4.5.3]
	at org.apache.http.impl.client.InternalHttpClient.doExecute(InternalHttpClient.java:185) ~[httpclient-4.5.3.jar:4.5.3]
	at org.apache.http.impl.client.CloseableHttpClient.execute(CloseableHttpClient.java:72) ~[httpclient-4.5.3.jar:4.5.3]
	at org.glassfish.jersey.apache.connector.ApacheConnector.apply(ApacheConnector.java:486) ~[jersey-apache-connector-3.1.8.jar:na]
	... 16 common frames omitted

2025-11-05T11:02:28.445+05:30  INFO [EurekaService,traceId=,spanId=] 5508 --- [EurekaService] [SpringApplicationShutdownHook] [                                                 ] c.n.eureka.DefaultEurekaServerContext    : Shut down
2025-11-05T11:02:28.446+05:30  INFO [EurekaService,traceId=,spanId=] 5508 --- [EurekaService] [SpringApplicationShutdownHook] [                                                 ] o.s.c.n.e.server.EurekaServerBootstrap   : Eureka Service is now shutdown...
2025-11-05T11:02:28.457+05:30  INFO [EurekaService,traceId=,spanId=] 5508 --- [EurekaService] [SpringApplicationShutdownHook] [                                                 ] c.n.eureka.DefaultEurekaServerContext    : Shutting down ...
2025-11-05T11:02:28.458+05:30  INFO [EurekaService,traceId=,spanId=] 5508 --- [EurekaService] [SpringApplicationShutdownHook] [                                                 ] c.n.eureka.DefaultEurekaServerContext    : Shut down
2025-11-05T11:02:28.745+05:30  INFO [EurekaService,traceId=,spanId=] 5508 --- [EurekaService] [SpringApplicationShutdownHook] [                                                 ] com.netflix.discovery.DiscoveryClient    : Shutting down DiscoveryClient ...
2025-11-05T11:02:28.746+05:30  INFO [EurekaService,traceId=,spanId=] 5508 --- [EurekaService] [SpringApplicationShutdownHook] [                                                 ] com.netflix.discovery.DiscoveryClient    : Completed shut down of DiscoveryClient
2025-11-05T11:10:17.626+05:30  INFO [EurekaService,traceId=,spanId=] 19564 --- [EurekaService] [main] [                                                 ] c.eureka.demo.EurekaServiceApplication   : Starting EurekaServiceApplication using Java 17.0.12 with PID 19564 (D:\Learning_App\Services\EurekaService\target\classes started by Welcome in D:\Learning_App)
2025-11-05T11:10:17.633+05:30  INFO [EurekaService,traceId=,spanId=] 19564 --- [EurekaService] [main] [                                                 ] c.eureka.demo.EurekaServiceApplication   : No active profile set, falling back to 1 default profile: "default"
2025-11-05T11:10:22.044+05:30  INFO [EurekaService,traceId=,spanId=] 19564 --- [EurekaService] [main] [                                                 ] o.s.cloud.context.scope.GenericScope     : BeanFactory id=02934718-5034-3d38-af34-981489ea5e39
2025-11-05T11:10:22.297+05:30  WARN [EurekaService,traceId=,spanId=] 19564 --- [EurekaService] [main] [                                                 ] trationDelegate$BeanPostProcessorChecker : Bean 'org.springframework.cloud.client.loadbalancer.LoadBalancerAutoConfiguration$DeferringLoadBalancerInterceptorConfig' of type [org.springframework.cloud.client.loadbalancer.LoadBalancerAutoConfiguration$DeferringLoadBalancerInterceptorConfig] is not eligible for getting processed by all BeanPostProcessors (for example: not eligible for auto-proxying). The currently created BeanPostProcessor [lbRestClientPostProcessor] is declared through a non-static factory method on that class; consider declaring it as static instead.
2025-11-05T11:10:22.313+05:30  WARN [EurekaService,traceId=,spanId=] 19564 --- [EurekaService] [main] [                                                 ] trationDelegate$BeanPostProcessorChecker : Bean 'deferringLoadBalancerInterceptor' of type [org.springframework.cloud.client.loadbalancer.DeferringLoadBalancerInterceptor] is not eligible for getting processed by all BeanPostProcessors (for example: not eligible for auto-proxying). Is this bean getting eagerly injected into a currently created BeanPostProcessor [lbRestClientPostProcessor]? Check the corresponding BeanPostProcessor declaration and its dependencies.
2025-11-05T11:10:23.808+05:30  INFO [EurekaService,traceId=,spanId=] 19564 --- [EurekaService] [main] [                                                 ] o.s.b.w.embedded.tomcat.TomcatWebServer  : Tomcat initialized with port 8761 (http)
2025-11-05T11:10:23.857+05:30  INFO [EurekaService,traceId=,spanId=] 19564 --- [EurekaService] [main] [                                                 ] o.apache.catalina.core.StandardService   : Starting service [Tomcat]
2025-11-05T11:10:23.858+05:30  INFO [EurekaService,traceId=,spanId=] 19564 --- [EurekaService] [main] [                                                 ] o.apache.catalina.core.StandardEngine    : Starting Servlet engine: [Apache Tomcat/10.1.30]
2025-11-05T11:10:24.205+05:30  INFO [EurekaService,traceId=,spanId=] 19564 --- [EurekaService] [main] [                                                 ] o.a.c.c.C.[Tomcat].[localhost].[/]       : Initializing Spring embedded WebApplicationContext
2025-11-05T11:10:24.208+05:30  INFO [EurekaService,traceId=,spanId=] 19564 --- [EurekaService] [main] [                                                 ] w.s.c.ServletWebServerApplicationContext : Root WebApplicationContext: initialization completed in 6399 ms
2025-11-05T11:10:28.680+05:30  INFO [EurekaService,traceId=,spanId=] 19564 --- [EurekaService] [main] [                                                 ] c.n.d.provider.DiscoveryJerseyProvider   : Using JSON encoding codec LegacyJacksonJson
2025-11-05T11:10:28.686+05:30  INFO [EurekaService,traceId=,spanId=] 19564 --- [EurekaService] [main] [                                                 ] c.n.d.provider.DiscoveryJerseyProvider   : Using JSON decoding codec LegacyJacksonJson
2025-11-05T11:10:29.157+05:30  INFO [EurekaService,traceId=,spanId=] 19564 --- [EurekaService] [main] [                                                 ] c.n.d.provider.DiscoveryJerseyProvider   : Using XML encoding codec XStreamXml
2025-11-05T11:10:29.158+05:30  INFO [EurekaService,traceId=,spanId=] 19564 --- [EurekaService] [main] [                                                 ] c.n.d.provider.DiscoveryJerseyProvider   : Using XML decoding codec XStreamXml
2025-11-05T11:10:32.075+05:30  WARN [EurekaService,traceId=,spanId=] 19564 --- [EurekaService] [main] [                                                 ] iguration$LoadBalancerCaffeineWarnLogger : Spring Cloud LoadBalancer is currently working with the default cache. While this cache implementation is useful for development and tests, it's recommended to use Caffeine cache in production.You can switch to using Caffeine cache, by adding it and org.springframework.cache.caffeine.CaffeineCacheManager to the classpath.
2025-11-05T11:10:32.131+05:30  INFO [EurekaService,traceId=,spanId=] 19564 --- [EurekaService] [main] [                                                 ] o.s.c.n.eureka.InstanceInfoFactory       : Setting initial instance status as: STARTING
2025-11-05T11:10:32.195+05:30  INFO [EurekaService,traceId=,spanId=] 19564 --- [EurekaService] [main] [                                                 ] com.netflix.discovery.DiscoveryClient    : Initializing Eureka in region us-east-1
2025-11-05T11:10:32.197+05:30  INFO [EurekaService,traceId=,spanId=] 19564 --- [EurekaService] [main] [                                                 ] com.netflix.discovery.DiscoveryClient    : Client configured to neither register nor query for data.
2025-11-05T11:10:32.202+05:30  INFO [EurekaService,traceId=,spanId=] 19564 --- [EurekaService] [main] [                                                 ] com.netflix.discovery.DiscoveryClient    : Discovery Client initialized at timestamp 1762321232199 with initial instances count: 0
2025-11-05T11:10:32.315+05:30  INFO [EurekaService,traceId=,spanId=] 19564 --- [EurekaService] [main] [                                                 ] c.n.eureka.DefaultEurekaServerContext    : Initializing ...
2025-11-05T11:10:32.331+05:30  INFO [EurekaService,traceId=,spanId=] 19564 --- [EurekaService] [main] [                                                 ] c.n.eureka.cluster.PeerEurekaNodes       : Adding new peer nodes [http://localhost:8761/eureka/]
2025-11-05T11:10:32.453+05:30  INFO [EurekaService,traceId=,spanId=] 19564 --- [EurekaService] [main] [                                                 ] c.n.d.provider.DiscoveryJerseyProvider   : Using JSON encoding codec LegacyJacksonJson
2025-11-05T11:10:32.453+05:30  INFO [EurekaService,traceId=,spanId=] 19564 --- [EurekaService] [main] [                                                 ] c.n.d.provider.DiscoveryJerseyProvider   : Using JSON decoding codec LegacyJacksonJson
2025-11-05T11:10:32.453+05:30  INFO [EurekaService,traceId=,spanId=] 19564 --- [EurekaService] [main] [                                                 ] c.n.d.provider.DiscoveryJerseyProvider   : Using XML encoding codec XStreamXml
2025-11-05T11:10:32.454+05:30  INFO [EurekaService,traceId=,spanId=] 19564 --- [EurekaService] [main] [                                                 ] c.n.d.provider.DiscoveryJerseyProvider   : Using XML decoding codec XStreamXml
2025-11-05T11:10:32.566+05:30  INFO [EurekaService,traceId=,spanId=] 19564 --- [EurekaService] [main] [                                                 ] c.n.eureka.cluster.PeerEurekaNodes       : Replica node URL:  http://localhost:8761/eureka/
2025-11-05T11:10:32.603+05:30  INFO [EurekaService,traceId=,spanId=] 19564 --- [EurekaService] [main] [                                                 ] c.n.e.registry.AbstractInstanceRegistry  : Finished initializing remote region registries. All known remote regions: []
2025-11-05T11:10:32.604+05:30  INFO [EurekaService,traceId=,spanId=] 19564 --- [EurekaService] [main] [                                                 ] c.n.eureka.DefaultEurekaServerContext    : Initialized
2025-11-05T11:10:32.637+05:30  INFO [EurekaService,traceId=,spanId=] 19564 --- [EurekaService] [main] [                                                 ] o.s.b.a.e.web.EndpointLinksResolver      : Exposing 1 endpoint beneath base path '/actuator'
2025-11-05T11:10:32.770+05:30  INFO [EurekaService,traceId=,spanId=] 19564 --- [EurekaService] [main] [                                                 ] o.s.c.n.e.s.EurekaServiceRegistry        : Registering application EUREKASERVICE with eureka with status UP
2025-11-05T11:10:32.873+05:30  INFO [EurekaService,traceId=,spanId=] 19564 --- [EurekaService] [main] [                                                 ] o.s.b.w.embedded.tomcat.TomcatWebServer  : Tomcat started on port 8761 (http) with context path '/'
2025-11-05T11:10:32.875+05:30  INFO [EurekaService,traceId=,spanId=] 19564 --- [EurekaService] [main] [                                                 ] .s.c.n.e.s.EurekaAutoServiceRegistration : Updating port to 8761
2025-11-05T11:10:32.882+05:30  INFO [EurekaService,traceId=,spanId=] 19564 --- [EurekaService] [Thread-9] [                                                 ] o.s.c.n.e.server.EurekaServerBootstrap   : isAws returned false
2025-11-05T11:10:32.884+05:30  INFO [EurekaService,traceId=,spanId=] 19564 --- [EurekaService] [Thread-9] [                                                 ] o.s.c.n.e.server.EurekaServerBootstrap   : Initialized server context
2025-11-05T11:10:32.892+05:30  INFO [EurekaService,traceId=,spanId=] 19564 --- [EurekaService] [Thread-9] [                                                 ] c.n.e.r.PeerAwareInstanceRegistryImpl    : Got 1 instances from neighboring DS node
2025-11-05T11:10:32.893+05:30  INFO [EurekaService,traceId=,spanId=] 19564 --- [EurekaService] [Thread-9] [                                                 ] c.n.e.r.PeerAwareInstanceRegistryImpl    : Renew threshold is: 1
2025-11-05T11:10:32.893+05:30  INFO [EurekaService,traceId=,spanId=] 19564 --- [EurekaService] [Thread-9] [                                                 ] c.n.e.r.PeerAwareInstanceRegistryImpl    : Changing status to UP
2025-11-05T11:10:32.899+05:30  INFO [EurekaService,traceId=,spanId=] 19564 --- [EurekaService] [Thread-9] [                                                 ] e.s.EurekaServerInitializerConfiguration : Started Eureka Server
2025-11-05T11:10:33.496+05:30  INFO [EurekaService,traceId=,spanId=] 19564 --- [EurekaService] [main] [                                                 ] c.eureka.demo.EurekaServiceApplication   : Started EurekaServiceApplication in 16.774 seconds (process running for 17.643)
2025-11-05T11:11:32.907+05:30  INFO [EurekaService,traceId=,spanId=] 19564 --- [EurekaService] [Eureka-EvictionTimer] [                                                 ] c.n.e.registry.AbstractInstanceRegistry  : Running the evict task with compensationTime 0ms
2025-11-05T11:11:53.303+05:30  INFO [EurekaService,traceId=,spanId=] 19564 --- [EurekaService] [http-nio-8761-exec-2] [                                                 ] o.a.c.c.C.[Tomcat].[localhost].[/]       : Initializing Spring DispatcherServlet 'dispatcherServlet'
2025-11-05T11:11:53.307+05:30  INFO [EurekaService,traceId=,spanId=] 19564 --- [EurekaService] [http-nio-8761-exec-2] [                                                 ] o.s.web.servlet.DispatcherServlet        : Initializing Servlet 'dispatcherServlet'
2025-11-05T11:11:53.388+05:30  INFO [EurekaService,traceId=,spanId=] 19564 --- [EurekaService] [http-nio-8761-exec-2] [                                                 ] o.s.web.servlet.DispatcherServlet        : Completed initialization in 80 ms
2025-11-05T11:11:54.189+05:30  INFO [EurekaService,traceId=690ae3a1ec45995694880fe355a3ff82,spanId=94880fe355a3ff82] 19564 --- [EurekaService] [http-nio-8761-exec-6] [690ae3a1ec45995694880fe355a3ff82-94880fe355a3ff82] c.n.e.registry.AbstractInstanceRegistry  : Registered instance APIGATEWAY/Pawan-kumar:apigateway:9002 with status UP (replication=false)
2025-11-05T11:11:55.031+05:30  INFO [EurekaService,traceId=690ae3a39d0265e8daac565d87c6affc,spanId=daac565d87c6affc] 19564 --- [EurekaService] [http-nio-8761-exec-7] [690ae3a39d0265e8daac565d87c6affc-daac565d87c6affc] c.n.e.registry.AbstractInstanceRegistry  : Registered instance APIGATEWAY/Pawan-kumar:apigateway:9002 with status UP (replication=true)
2025-11-05T11:12:13.994+05:30  INFO [EurekaService,traceId=690ae3b5b3c05c5e2fd18a4c9d0478d3,spanId=2fd18a4c9d0478d3] 19564 --- [EurekaService] [http-nio-8761-exec-1] [690ae3b5b3c05c5e2fd18a4c9d0478d3-2fd18a4c9d0478d3] c.n.e.registry.AbstractInstanceRegistry  : Registered instance INTERNSHIP-SERVICE/Pawan-kumar:internship-service:9004 with status UP (replication=false)
2025-11-05T11:12:14.502+05:30  INFO [EurekaService,traceId=690ae3b698b8a913b7a10816a163f6b0,spanId=b7a10816a163f6b0] 19564 --- [EurekaService] [http-nio-8761-exec-4] [690ae3b698b8a913b7a10816a163f6b0-b7a10816a163f6b0] c.n.e.registry.AbstractInstanceRegistry  : Registered instance INTERNSHIP-SERVICE/Pawan-kumar:internship-service:9004 with status UP (replication=true)
2025-11-05T11:12:32.898+05:30  INFO [EurekaService,traceId=,spanId=] 19564 --- [EurekaService] [Eureka-EvictionTimer] [                                                 ] c.n.e.registry.AbstractInstanceRegistry  : Running the evict task with compensationTime 0ms
2025-11-05T11:12:40.917+05:30  INFO [EurekaService,traceId=690ae3d0b1f572a596ea1c725fbca1e6,spanId=707631010af3674f] 19564 --- [EurekaService] [http-nio-8761-exec-2] [690ae3d0b1f572a596ea1c725fbca1e6-707631010af3674f] c.n.e.registry.AbstractInstanceRegistry  : Registered instance MENTOR-SERVICE/Pawan-kumar:mentor-service:9005 with status UP (replication=false)
2025-11-05T11:12:41.439+05:30  INFO [EurekaService,traceId=690ae3d1f2bdcc44edd42c1eeba026de,spanId=edd42c1eeba026de] 19564 --- [EurekaService] [http-nio-8761-exec-6] [690ae3d1f2bdcc44edd42c1eeba026de-edd42c1eeba026de] c.n.e.registry.AbstractInstanceRegistry  : Registered instance MENTOR-SERVICE/Pawan-kumar:mentor-service:9005 with status UP (replication=true)
2025-11-05T11:13:32.898+05:30  INFO [EurekaService,traceId=,spanId=] 19564 --- [EurekaService] [Eureka-EvictionTimer] [                                                 ] c.n.e.registry.AbstractInstanceRegistry  : Running the evict task with compensationTime 0ms
2025-11-05T11:14:32.900+05:30  INFO [EurekaService,traceId=,spanId=] 19564 --- [EurekaService] [Eureka-EvictionTimer] [                                                 ] c.n.e.registry.AbstractInstanceRegistry  : Running the evict task with compensationTime 2ms
2025-11-05T11:14:54.233+05:30  INFO [EurekaService,traceId=690ae456890389f720ae589b900c5a92,spanId=fa7f29a972962bbb] 19564 --- [EurekaService] [http-nio-8761-exec-6] [690ae456890389f720ae589b900c5a92-fa7f29a972962bbb] c.n.e.registry.AbstractInstanceRegistry  : Registered instance MENTOR-SERVICE/Pawan-kumar:mentor-service:9005 with status DOWN (replication=false)
2025-11-05T11:14:54.261+05:30  INFO [EurekaService,traceId=690ae456b1f232d40de8b72dc37992d5,spanId=0de8b72dc37992d5] 19564 --- [EurekaService] [http-nio-8761-exec-10] [690ae456b1f232d40de8b72dc37992d5-0de8b72dc37992d5] c.n.e.registry.AbstractInstanceRegistry  : Registered instance INTERNSHIP-SERVICE/Pawan-kumar:internship-service:9004 with status DOWN (replication=false)
2025-11-05T11:14:54.337+05:30  INFO [EurekaService,traceId=690ae456f304fd6686fd90c578380025,spanId=86fd90c578380025] 19564 --- [EurekaService] [http-nio-8761-exec-1] [690ae456f304fd6686fd90c578380025-86fd90c578380025] c.n.e.registry.AbstractInstanceRegistry  : Registered instance APIGATEWAY/Pawan-kumar:apigateway:9002 with status DOWN (replication=false)
2025-11-05T11:14:54.472+05:30  INFO [EurekaService,traceId=,spanId=] 19564 --- [EurekaService] [SpringApplicationShutdownHook] [                                                 ] o.s.c.n.e.s.EurekaServiceRegistry        : Unregistering application EUREKASERVICE with eureka with status DOWN
2025-11-05T11:14:54.779+05:30 ERROR [EurekaService,traceId=,spanId=] 19564 --- [EurekaService] [TaskBatchingWorker-target_localhost-11] [                                                 ] c.n.e.cluster.ReplicationTaskProcessor   : Network level connection to peer localhost; retrying after delay

jakarta.ws.rs.ProcessingException: org.apache.http.NoHttpResponseException: localhost:8761 failed to respond
	at org.glassfish.jersey.apache.connector.ApacheConnector.apply(ApacheConnector.java:534) ~[jersey-apache-connector-3.1.8.jar:na]
	at org.glassfish.jersey.client.ClientRuntime.invoke(ClientRuntime.java:300) ~[jersey-client-3.1.8.jar:na]
	at org.glassfish.jersey.client.JerseyInvocation.lambda$invoke$0(JerseyInvocation.java:674) ~[jersey-client-3.1.8.jar:na]
	at org.glassfish.jersey.client.JerseyInvocation.call(JerseyInvocation.java:709) ~[jersey-client-3.1.8.jar:na]
	at org.glassfish.jersey.client.JerseyInvocation.lambda$runInScope$3(JerseyInvocation.java:703) ~[jersey-client-3.1.8.jar:na]
	at org.glassfish.jersey.internal.Errors.process(Errors.java:292) ~[jersey-common-3.1.8.jar:na]
	at org.glassfish.jersey.internal.Errors.process(Errors.java:274) ~[jersey-common-3.1.8.jar:na]
	at org.glassfish.jersey.internal.Errors.process(Errors.java:205) ~[jersey-common-3.1.8.jar:na]
	at org.glassfish.jersey.process.internal.RequestScope.runInScope(RequestScope.java:391) ~[jersey-common-3.1.8.jar:na]
	at org.glassfish.jersey.client.JerseyInvocation.runInScope(JerseyInvocation.java:703) ~[jersey-client-3.1.8.jar:na]
	at org.glassfish.jersey.client.JerseyInvocation.invoke(JerseyInvocation.java:673) ~[jersey-client-3.1.8.jar:na]
	at org.glassfish.jersey.client.JerseyInvocation$Builder.method(JerseyInvocation.java:439) ~[jersey-client-3.1.8.jar:na]
	at org.glassfish.jersey.client.JerseyInvocation$Builder.post(JerseyInvocation.java:345) ~[jersey-client-3.1.8.jar:na]
	at com.netflix.eureka.transport.Jersey3ReplicationClient.submitBatchUpdates(Jersey3ReplicationClient.java:116) ~[eureka-core-jersey3-2.0.3.jar:2.0.3]
	at com.netflix.eureka.cluster.ReplicationTaskProcessor.process(ReplicationTaskProcessor.java:80) ~[eureka-core-2.0.3.jar:2.0.3]
	at com.netflix.eureka.util.batcher.TaskExecutors$BatchWorkerRunnable.run(TaskExecutors.java:178) ~[eureka-core-2.0.3.jar:2.0.3]
	at java.base/java.lang.Thread.run(Thread.java:842) ~[na:na]
Caused by: org.apache.http.NoHttpResponseException: localhost:8761 failed to respond
	at org.apache.http.impl.conn.DefaultHttpResponseParser.parseHead(DefaultHttpResponseParser.java:141) ~[httpclient-4.5.3.jar:4.5.3]
	at org.apache.http.impl.conn.DefaultHttpResponseParser.parseHead(DefaultHttpResponseParser.java:56) ~[httpclient-4.5.3.jar:4.5.3]
	at org.apache.http.impl.io.AbstractMessageParser.parse(AbstractMessageParser.java:259) ~[httpcore-4.4.16.jar:4.4.16]
	at org.apache.http.impl.DefaultBHttpClientConnection.receiveResponseHeader(DefaultBHttpClientConnection.java:163) ~[httpcore-4.4.16.jar:4.4.16]
	at org.apache.http.impl.conn.CPoolProxy.receiveResponseHeader(CPoolProxy.java:165) ~[httpclient-4.5.3.jar:4.5.3]
	at org.apache.http.protocol.HttpRequestExecutor.doReceiveResponse(HttpRequestExecutor.java:273) ~[httpcore-4.4.16.jar:4.4.16]
	at org.apache.http.protocol.HttpRequestExecutor.execute(HttpRequestExecutor.java:125) ~[httpcore-4.4.16.jar:4.4.16]
	at org.apache.http.impl.execchain.MainClientExec.execute(MainClientExec.java:272) ~[httpclient-4.5.3.jar:4.5.3]
	at org.apache.http.impl.execchain.ProtocolExec.execute(ProtocolExec.java:185) ~[httpclient-4.5.3.jar:4.5.3]
	at org.apache.http.impl.execchain.RetryExec.execute(RetryExec.java:89) ~[httpclient-4.5.3.jar:4.5.3]
	at org.apache.http.impl.execchain.RedirectExec.execute(RedirectExec.java:111) ~[httpclient-4.5.3.jar:4.5.3]
	at org.apache.http.impl.client.InternalHttpClient.doExecute(InternalHttpClient.java:185) ~[httpclient-4.5.3.jar:4.5.3]
	at org.apache.http.impl.client.CloseableHttpClient.execute(CloseableHttpClient.java:72) ~[httpclient-4.5.3.jar:4.5.3]
	at org.glassfish.jersey.apache.connector.ApacheConnector.apply(ApacheConnector.java:486) ~[jersey-apache-connector-3.1.8.jar:na]
	... 16 common frames omitted

2025-11-05T11:14:54.906+05:30  INFO [EurekaService,traceId=,spanId=] 19564 --- [EurekaService] [SpringApplicationShutdownHook] [                                                 ] o.s.c.n.e.server.EurekaServerBootstrap   : Shutting down Eureka Server..
2025-11-05T11:14:54.906+05:30  INFO [EurekaService,traceId=,spanId=] 19564 --- [EurekaService] [SpringApplicationShutdownHook] [                                                 ] c.n.eureka.DefaultEurekaServerContext    : Shutting down ...
2025-11-05T11:14:54.932+05:30  INFO [EurekaService,traceId=,spanId=] 19564 --- [EurekaService] [SpringApplicationShutdownHook] [                                                 ] c.n.eureka.DefaultEurekaServerContext    : Shut down
2025-11-05T11:14:54.932+05:30  INFO [EurekaService,traceId=,spanId=] 19564 --- [EurekaService] [SpringApplicationShutdownHook] [                                                 ] o.s.c.n.e.server.EurekaServerBootstrap   : Eureka Service is now shutdown...
2025-11-05T11:14:54.943+05:30  INFO [EurekaService,traceId=,spanId=] 19564 --- [EurekaService] [SpringApplicationShutdownHook] [                                                 ] c.n.eureka.DefaultEurekaServerContext    : Shutting down ...
2025-11-05T11:14:54.945+05:30  INFO [EurekaService,traceId=,spanId=] 19564 --- [EurekaService] [SpringApplicationShutdownHook] [                                                 ] c.n.eureka.DefaultEurekaServerContext    : Shut down
2025-11-05T11:14:55.457+05:30  INFO [EurekaService,traceId=,spanId=] 19564 --- [EurekaService] [SpringApplicationShutdownHook] [                                                 ] com.netflix.discovery.DiscoveryClient    : Shutting down DiscoveryClient ...
2025-11-05T11:14:55.458+05:30  INFO [EurekaService,traceId=,spanId=] 19564 --- [EurekaService] [SpringApplicationShutdownHook] [                                                 ] com.netflix.discovery.DiscoveryClient    : Completed shut down of DiscoveryClient
